2076 1.367408e+00
3.427974e+01 7.423073e+01 1.035698e+02
0.000000e+00 0.000000e+00 7.498433e-01 5.000000e-01 7.166667e-01
1.562500e-03 0.000000e+00 7.485615e-01 5.049079e-01 7.165305e-01
3.125000e-03 0.000000e+00 7.472797e-01 5.098105e-01 7.161222e-01
4.687500e-03 0.000000e+00 7.439463e-01 5.147026e-01 7.154425e-01
6.250000e-03 0.000000e+00 7.396930e-01 5.195789e-01 7.144925e-01
7.812500e-03 0.000000e+00 7.341938e-01 5.244343e-01 7.132737e-01
9.375000e-03 0.000000e+00 7.275627e-01 5.292635e-01 7.117881e-01
1.093750e-02 0.000000e+00 7.197857e-01 5.340614e-01 7.100382e-01
1.250000e-02 0.000000e+00 7.108869e-01 5.388229e-01 7.080268e-01
1.406250e-02 0.000000e+00 7.008849e-01 5.435427e-01 7.057571e-01
1.562500e-02 0.000000e+00 6.898025e-01 5.482159e-01 7.032330e-01
1.718750e-02 0.000000e+00 6.776660e-01 5.528375e-01 7.004585e-01
1.875000e-02 0.000000e+00 6.645036e-01 5.574025e-01 6.974381e-01
2.031250e-02 0.000000e+00 6.503466e-01 5.619061e-01 6.941769e-01
2.187500e-02 0.000000e+00 6.352285e-01 5.663433e-01 6.906800e-01
2.343750e-02 0.000000e+00 6.191855e-01 5.707095e-01 6.869533e-01
2.500000e-02 0.000000e+00 6.022556e-01 5.750000e-01 6.830029e-01
2.656250e-02 0.000000e+00 5.844795e-01 5.792102e-01 6.788351e-01
2.812500e-02 0.000000e+00 5.658994e-01 5.833355e-01 6.744568e-01
2.968750e-02 0.000000e+00 5.465599e-01 5.873717e-01 6.698751e-01
3.125000e-02 0.000000e+00 5.265072e-01 5.913142e-01 6.650976e-01
3.281250e-02 0.000000e+00 5.057890e-01 5.951590e-01 6.601320e-01
3.437500e-02 0.000000e+00 4.844550e-01 5.989019e-01 6.549864e-01
3.593750e-02 0.000000e+00 4.625559e-01 6.025388e-01 6.496693e-01
3.750000e-02 0.000000e+00 4.401455e-01 6.060660e-01 6.441894e-01
3.906250e-02 0.000000e+00 4.172757e-01 6.094796e-01 6.385556e-01
4.062500e-02 0.000000e+00 3.940038e-01 6.127760e-01 6.327770e-01
4.218750e-02 0.000000e+00 3.703816e-01 6.159516e-01 6.268632e-01
4.375000e-02 0.000000e+00 3.464726e-01 6.190030e-01 6.208238e-01
4.531250e-02 0.000000e+00 3.223219e-01 6.219270e-01 6.146687e-01
4.687500e-02 0.000000e+00 2.980103e-01 6.247204e-01 6.084080e-01
4.843750e-02 0.000000e+00 2.735534e-01 6.273803e-01 6.020518e-01
5.000000e-02 0.000000e+00 2.490965e-01 6.299038e-01 5.956105e-01
0.000000e+00 1.562500e-03 7.584714e-01 4.999398e-01 7.166332e-01
1.562500e-03 1.562500e-03 7.571026e-01 5.054963e-01 7.161877e-01
3.125000e-03 1.562500e-03 7.557337e-01 5.105692e-01 7.159336e-01
4.687500e-03 1.562500e-03 7.527926e-01 5.158008e-01 7.152471e-01
6.250000e-03 1.562500e-03 7.487959e-01 5.209537e-01 7.143211e-01
7.812500e-03 1.562500e-03 7.436011e-01 5.261009e-01 7.131036e-01
9.375000e-03 1.562500e-03 7.372596e-01 5.312176e-01 7.116202e-01
1.093750e-02 1.562500e-03 7.297771e-01 5.363055e-01 7.098689e-01
1.250000e-02 1.562500e-03 7.211701e-01 5.413586e-01 7.078565e-01
1.406250e-02 1.562500e-03 7.114607e-01 5.463714e-01 7.055854e-01
1.562500e-02 1.562500e-03 7.006702e-01 5.513390e-01 7.030599e-01
1.718750e-02 1.562500e-03 6.888257e-01 5.562559e-01 7.002841e-01
1.875000e-02 1.562500e-03 6.759550e-01 5.611170e-01 6.972624e-01
2.031250e-02 1.562500e-03 6.620898e-01 5.659173e-01 6.939997e-01
2.187500e-02 1.562500e-03 6.472634e-01 5.706520e-01 6.905014e-01
2.343750e-02 1.562500e-03 6.315120e-01 5.753160e-01 6.867731e-01
2.500000e-02 1.562500e-03 6.148738e-01 5.799048e-01 6.828210e-01
2.656250e-02 1.562500e-03 5.973893e-01 5.844138e-01 6.786514e-01
2.812500e-02 1.562500e-03 5.791008e-01 5.888384e-01 6.742711e-01
2.968750e-02 1.562500e-03 5.600528e-01 5.931742e-01 6.696874e-01
3.125000e-02 1.562500e-03 5.402917e-01 5.974170e-01 6.649076e-01
3.281250e-02 1.562500e-03 5.198651e-01 6.015625e-01 6.599396e-01
3.437500e-02 1.562500e-03 4.988229e-01 6.056067e-01 6.547914e-01
3.593750e-02 1.562500e-03 4.772156e-01 6.095452e-01 6.494713e-01
3.750000e-02 1.562500e-03 4.550969e-01 6.133746e-01 6.439883e-01
3.906250e-02 1.562500e-03 4.325187e-01 6.170904e-01 6.383513e-01
4.062500e-02 1.562500e-03 4.095387e-01 6.206902e-01 6.325692e-01
4.218750e-02 1.562500e-03 3.862079e-01 6.241686e-01 6.266520e-01
4.375000e-02 1.562500e-03 3.625912e-01 6.275253e-01 6.206085e-01
4.531250e-02 1.562500e-03 3.387311e-01 6.307515e-01 6.144501e-01
4.687500e-02 1.562500e-03 3.147122e-01 6.338545e-01 6.081849e-01
4.843750e-02 1.562500e-03 2.905444e-01 6.368112e-01 6.018264e-01
5.000000e-02 1.562500e-03 2.663766e-01 6.396585e-01 5.955235e-01
0.000000e+00 3.125000e-03 7.670996e-01 4.997591e-01 7.165328e-01
1.562500e-03 3.125000e-03 7.656437e-01 5.061125e-01 7.161085e-01
3.125000e-03 3.125000e-03 7.641877e-01 5.114443e-01 7.158021e-01
4.687500e-03 3.125000e-03 7.616388e-01 5.168445e-01 7.150809e-01
6.250000e-03 3.125000e-03 7.578988e-01 5.222588e-01 7.141424e-01
7.812500e-03 3.125000e-03 7.530084e-01 5.276716e-01 7.129133e-01
9.375000e-03 3.125000e-03 7.469564e-01 5.330698e-01 7.114239e-01
1.093750e-02 3.125000e-03 7.397684e-01 5.384432e-01 7.096666e-01
1.250000e-02 3.125000e-03 7.314534e-01 5.437860e-01 7.076493e-01
1.406250e-02 3.125000e-03 7.220365e-01 5.490905e-01 7.053736e-01
1.562500e-02 3.125000e-03 7.115379e-01 5.543515e-01 7.028438e-01
1.718750e-02 3.125000e-03 6.999853e-01 5.595629e-01 7.000635e-01
1.875000e-02 3.125000e-03 6.874064e-01 5.647195e-01 6.970374e-01
2.031250e-02 3.125000e-03 6.738330e-01 5.698161e-01 6.937702e-01
2.187500e-02 3.125000e-03 6.592983e-01 5.748475e-01 6.902672e-01
2.343750e-02 3.125000e-03 6.438386e-01 5.798089e-01 6.865339e-01
2.500000e-02 3.125000e-03 6.274920e-01 5.846956e-01 6.825764e-01
2.656250e-02 3.125000e-03 6.102990e-01 5.895028e-01 6.784012e-01
2.812500e-02 3.125000e-03 5.923022e-01 5.942260e-01 6.740150e-01
2.968750e-02 3.125000e-03 5.735458e-01 5.988608e-01 6.694250e-01
3.125000e-02 3.125000e-03 5.540762e-01 6.034030e-01 6.646385e-01
3.281250e-02 3.125000e-03 5.339412e-01 6.078482e-01 6.596635e-01
3.437500e-02 3.125000e-03 5.131908e-01 6.121926e-01 6.545078e-01
3.593750e-02 3.125000e-03 4.918752e-01 6.164317e-01 6.491798e-01
3.750000e-02 3.125000e-03 4.700483e-01 6.205622e-01 6.436884e-01
3.906250e-02 3.125000e-03 4.477617e-01 6.245793e-01 6.380426e-01
4.062500e-02 3.125000e-03 4.250736e-01 6.284810e-01 6.322513e-01
4.218750e-02 3.125000e-03 4.020342e-01 6.322611e-01 6.263245e-01
4.375000e-02 3.125000e-03 3.787097e-01 6.359212e-01 6.202710e-01
4.531250e-02 3.125000e-03 3.551404e-01 6.394494e-01 6.141022e-01
4.687500e-02 3.125000e-03 3.314140e-01 6.428581e-01 6.078262e-01
4.843750e-02 3.125000e-03 3.075353e-01 6.461168e-01 6.014559e-01
5.000000e-02 3.125000e-03 2.836566e-01 6.492777e-01 5.952625e-01
0.000000e+00 4.687500e-03 7.749330e-01 4.994581e-01 7.163655e-01
1.562500e-03 4.687500e-03 7.737583e-01 5.063942e-01 7.160514e-01
3.125000e-03 4.687500e-03 7.725836e-01 5.120751e-01 7.156615e-01
4.687500e-03 4.687500e-03 7.704479e-01 5.177288e-01 7.148943e-01
6.250000e-03 4.687500e-03 7.669887e-01 5.234367e-01 7.139251e-01
7.812500e-03 4.687500e-03 7.624191e-01 5.291240e-01 7.126727e-01
9.375000e-03 4.687500e-03 7.566598e-01 5.348092e-01 7.111694e-01
1.093750e-02 4.687500e-03 7.497710e-01 5.404688e-01 7.094006e-01
1.250000e-02 4.687500e-03 7.417493e-01 5.461018e-01 7.073743e-01
1.406250e-02 4.687500e-03 7.326265e-01 5.516976e-01 7.050902e-01
1.562500e-02 4.687500e-03 7.224206e-01 5.572517e-01 7.025527e-01
1.718750e-02 4.687500e-03 7.111607e-01 5.627571e-01 6.997648e-01
1.875000e-02 4.687500e-03 6.988740e-01 5.682086e-01 6.967310e-01
2.031250e-02 4.687500e-03 6.855926e-01 5.736007e-01 6.934559e-01
2.187500e-02 4.687500e-03 6.713499e-01 5.789283e-01 6.899446e-01
2.343750e-02 4.687500e-03 6.561820e-01 5.841863e-01 6.862027e-01
2.500000e-02 4.687500e-03 6.401271e-01 5.893700e-01 6.822362e-01
2.656250e-02 4.687500e-03 6.232258e-01 5.944744e-01 6.780515e-01
2.812500e-02 4.687500e-03 6.055205e-01 5.994953e-01 6.736553e-01
2.968750e-02 4.687500e-03 5.870555e-01 6.044279e-01 6.690547e-01
3.125000e-02 4.687500e-03 5.678774e-01 6.092682e-01 6.642571e-01
3.281250e-02 4.687500e-03 5.480338e-01 6.140118e-01 6.592703e-01
3.437500e-02 4.687500e-03 5.275747e-01 6.186547e-01 6.541023e-01
3.593750e-02 4.687500e-03 5.065506e-01 6.231927e-01 6.487614e-01
3.750000e-02 4.687500e-03 4.850150e-01 6.276224e-01 6.432563e-01
3.906250e-02 4.687500e-03 4.630195e-01 6.319389e-01 6.375963e-01
4.062500e-02 4.687500e-03 4.406228e-01 6.361402e-01 6.317901e-01
4.218750e-02 4.687500e-03 4.178743e-01 6.402200e-01 6.258478e-01
4.375000e-02 4.687500e-03 3.948412e-01 6.441805e-01 6.197781e-01
4.531250e-02 4.687500e-03 3.715622e-01 6.480087e-01 6.135922e-01
4.687500e-02 4.687500e-03 3.481271e-01 6.517190e-01 6.072989e-01
4.843750e-02 4.687500e-03 3.245385e-01 6.552786e-01 6.009075e-01
5.000000e-02 4.687500e-03 3.009498e-01 6.587463e-01 5.948278e-01
0.000000e+00 6.250000e-03 7.830318e-01 4.990369e-01 7.161314e-01
1.562500e-03 6.250000e-03 7.820335e-01 5.065245e-01 7.158290e-01
3.125000e-03 6.250000e-03 7.810352e-01 5.125675e-01 7.154313e-01
4.687500e-03 6.250000e-03 7.792625e-01 5.184920e-01 7.146512e-01
6.250000e-03 6.250000e-03 7.760654e-01 5.245022e-01 7.136630e-01
7.812500e-03 6.250000e-03 7.718070e-01 5.304672e-01 7.123904e-01
9.375000e-03 6.250000e-03 7.663350e-01 5.364401e-01 7.108709e-01
1.093750e-02 6.250000e-03 7.597437e-01 5.423851e-01 7.090873e-01
1.250000e-02 6.250000e-03 7.520139e-01 5.483074e-01 7.070484e-01
1.406250e-02 6.250000e-03 7.431848e-01 5.541935e-01 7.047526e-01
1.562500e-02 6.250000e-03 7.332713e-01 5.600397e-01 7.022040e-01
1.718750e-02 6.250000e-03 7.223038e-01 5.658381e-01 6.994052e-01
1.875000e-02 6.250000e-03 7.103092e-01 5.715837e-01 6.963605e-01
2.031250e-02 6.250000e-03 6.973198e-01 5.772704e-01 6.930742e-01
2.187500e-02 6.250000e-03 6.833687e-01 5.828931e-01 6.895513e-01
2.343750e-02 6.250000e-03 6.684924e-01 5.884466e-01 6.857973e-01
2.500000e-02 6.250000e-03 6.527289e-01 5.939260e-01 6.818182e-01
2.656250e-02 6.250000e-03 6.361189e-01 5.993265e-01 6.776201e-01
2.812500e-02 6.250000e-03 6.187047e-01 6.046435e-01 6.732098e-01
2.968750e-02 6.250000e-03 6.005308e-01 6.098724e-01 6.685944e-01
3.125000e-02 6.250000e-03 5.816436e-01 6.150090e-01 6.637812e-01
3.281250e-02 6.250000e-03 5.620908e-01 6.200489e-01 6.587781e-01
3.437500e-02 6.250000e-03 5.419224e-01 6.249883e-01 6.535930e-01
3.593750e-02 6.250000e-03 5.211888e-01 6.298227e-01 6.482343e-01
3.750000e-02 6.250000e-03 4.999438e-01 6.345489e-01 6.427105e-01
3.906250e-02 6.250000e-03 4.782386e-01 6.391618e-01 6.370308e-01
4.062500e-02 6.250000e-03 4.561322e-01 6.436598e-01 6.312041e-01
4.218750e-02 6.250000e-03 4.336736e-01 6.480360e-01 6.252402e-01
4.375000e-02 6.250000e-03 4.109306e-01 6.522932e-01 6.191481e-01
4.531250e-02 6.250000e-03 3.879411e-01 6.564178e-01 6.129387e-01
4.687500e-02 6.250000e-03 3.647958e-01 6.604250e-01 6.066211e-01
4.843750e-02 6.250000e-03 3.414964e-01 6.642812e-01 6.002000e-01
5.000000e-02 6.250000e-03 3.181970e-01 6.680494e-01 5.942197e-01
0.000000e+00 7.812500e-03 7.910448e-01 4.984959e-01 7.158305e-01
1.562500e-03 7.812500e-03 7.902456e-01 5.064987e-01 7.155393e-01
3.125000e-03 7.812500e-03 7.894465e-01 5.129010e-01 7.151394e-01
4.687500e-03 7.812500e-03 7.880455e-01 5.191102e-01 7.143515e-01
6.250000e-03 7.812500e-03 7.851188e-01 5.254351e-01 7.133481e-01
7.812500e-03 7.812500e-03 7.811762e-01 5.316875e-01 7.120567e-01
9.375000e-03 7.812500e-03 7.759939e-01 5.379543e-01 7.105190e-01
1.093750e-02 7.812500e-03 7.697019e-01 5.441873e-01 7.087178e-01
1.250000e-02 7.812500e-03 7.622649e-01 5.504002e-01 7.066630e-01
1.406250e-02 7.812500e-03 7.537303e-01 5.565765e-01 7.043520e-01
1.562500e-02 7.812500e-03 7.441093e-01 5.627144e-01 7.017890e-01
1.718750e-02 7.812500e-03 7.334346e-01 5.688050e-01 6.989759e-01
1.875000e-02 7.812500e-03 7.217320e-01 5.748436e-01 6.959169e-01
2.031250e-02 7.812500e-03 7.090345e-01 5.808238e-01 6.926160e-01
2.187500e-02 7.812500e-03 6.953750e-01 5.867405e-01 6.890781e-01
2.343750e-02 7.812500e-03 6.807899e-01 5.925881e-01 6.853084e-01
2.500000e-02 7.812500e-03 6.653176e-01 5.983618e-01 6.813128e-01
2.656250e-02 7.812500e-03 6.489984e-01 6.040565e-01 6.770974e-01
2.812500e-02 7.812500e-03 6.318748e-01 6.096678e-01 6.726690e-01
2.968750e-02 7.812500e-03 6.139913e-01 6.151909e-01 6.680346e-01
3.125000e-02 7.812500e-03 5.953943e-01 6.206215e-01 6.632015e-01
3.281250e-02 7.812500e-03 5.761314e-01 6.259553e-01 6.581774e-01
3.437500e-02 7.812500e-03 5.562528e-01 6.311883e-01 6.529704e-01
3.593750e-02 7.812500e-03 5.358086e-01 6.363160e-01 6.475888e-01
3.750000e-02 7.812500e-03 5.148529e-01 6.413354e-01 6.420412e-01
3.906250e-02 7.812500e-03 4.934365e-01 6.462412e-01 6.363364e-01
4.062500e-02 7.812500e-03 4.716190e-01 6.510317e-01 6.304834e-01
4.218750e-02 7.812500e-03 4.494489e-01 6.556999e-01 6.244920e-01
4.375000e-02 7.812500e-03 4.269946e-01 6.602489e-01 6.183713e-01
4.531250e-02 7.812500e-03 4.042932e-01 6.646649e-01 6.121317e-01
4.687500e-02 7.812500e-03 3.814362e-01 6.689634e-01 6.057831e-01
4.843750e-02 7.812500e-03 3.584245e-01 6.731104e-01 5.993240e-01
5.000000e-02 7.812500e-03 3.354128e-01 6.771723e-01 5.934386e-01
0.000000e+00 9.375000e-03 7.990998e-01 4.978353e-01 7.154628e-01
1.562500e-03 9.375000e-03 7.984824e-01 5.063474e-01 7.151635e-01
3.125000e-03 9.375000e-03 7.978649e-01 5.131028e-01 7.147654e-01
4.687500e-03 9.375000e-03 7.968235e-01 5.195976e-01 7.139779e-01
6.250000e-03 9.375000e-03 7.941595e-01 5.262417e-01 7.129682e-01
7.812500e-03 9.375000e-03 7.905279e-01 5.327870e-01 7.116645e-01
9.375000e-03 9.375000e-03 7.856320e-01 5.393518e-01 7.101113e-01
1.093750e-02 9.375000e-03 7.796377e-01 5.458753e-01 7.082929e-01
1.250000e-02 9.375000e-03 7.724921e-01 5.523799e-01 7.062207e-01
1.406250e-02 9.375000e-03 7.642512e-01 5.588466e-01 7.038922e-01
1.562500e-02 9.375000e-03 7.549222e-01 5.652756e-01 7.013119e-01
1.718750e-02 9.375000e-03 7.445397e-01 5.716576e-01 6.984815e-01
1.875000e-02 9.375000e-03 7.331288e-01 5.779880e-01 6.954050e-01
2.031250e-02 9.375000e-03 7.207227e-01 5.842604e-01 6.920861e-01
2.187500e-02 9.375000e-03 7.073542e-01 5.904694e-01 6.885296e-01
2.343750e-02 9.375000e-03 6.930599e-01 5.966094e-01 6.847407e-01
2.500000e-02 9.375000e-03 6.778780e-01 6.026755e-01 6.807249e-01
2.656250e-02 9.375000e-03 6.618489e-01 6.086625e-01 6.764885e-01
2.812500e-02 9.375000e-03 6.450152e-01 6.145657e-01 6.720380e-01
2.968750e-02 9.375000e-03 6.274211e-01 6.203804e-01 6.673803e-01
3.125000e-02 9.375000e-03 6.091132e-01 6.261023e-01 6.625229e-01
3.281250e-02 9.375000e-03 5.901391e-01 6.317268e-01 6.574733e-01
3.437500e-02 9.375000e-03 5.705490e-01 6.372500e-01 6.522396e-01
3.593750e-02 9.375000e-03 5.503929e-01 6.426674e-01 6.468301e-01
3.750000e-02 9.375000e-03 5.297246e-01 6.479757e-01 6.412534e-01
3.906250e-02 9.375000e-03 5.085958e-01 6.531696e-01 6.355180e-01
4.062500e-02 9.375000e-03 4.870657e-01 6.582477e-01 6.296330e-01
4.218750e-02 9.375000e-03 4.651824e-01 6.632027e-01 6.236082e-01
4.375000e-02 9.375000e-03 4.430146e-01 6.680378e-01 6.174528e-01
4.531250e-02 9.375000e-03 4.205991e-01 6.727391e-01 6.111770e-01
4.687500e-02 9.375000e-03 3.980278e-01 6.773222e-01 6.047909e-01
4.843750e-02 9.375000e-03 3.753012e-01 6.817528e-01 5.982857e-01
5.000000e-02 9.375000e-03 3.525745e-01 6.861005e-01 5.924852e-01
0.000000e+00 1.093750e-02 8.071328e-01 4.970555e-01 7.150286e-01
1.562500e-03 1.093750e-02 8.066963e-01 5.060739e-01 7.147227e-01
3.125000e-03 1.093750e-02 8.062599e-01 5.131772e-01 7.143238e-01
4.687500e-03 1.093750e-02 8.055780e-01 5.199558e-01 7.135364e-01
6.250000e-03 1.093750e-02 8.031770e-01 5.269206e-01 7.125231e-01
7.812500e-03 1.093750e-02 7.998565e-01 5.337623e-01 7.112105e-01
9.375000e-03 1.093750e-02 7.952470e-01 5.406291e-01 7.096440e-01
1.093750e-02 1.093750e-02 7.895503e-01 5.474461e-01 7.078091e-01
1.250000e-02 1.093750e-02 7.826961e-01 5.542443e-01 7.057187e-01
1.406250e-02 1.093750e-02 7.747487e-01 5.610022e-01 7.033710e-01
1.562500e-02 1.093750e-02 7.657116e-01 5.677223e-01 7.007709e-01
1.718750e-02 1.093750e-02 7.556210e-01 5.743950e-01 6.979202e-01
1.875000e-02 1.093750e-02 7.445014e-01 5.810161e-01 6.948230e-01
2.031250e-02 1.093750e-02 7.323862e-01 5.875792e-01 6.914828e-01
2.187500e-02 1.093750e-02 7.193082e-01 5.940788e-01 6.879043e-01
2.343750e-02 1.093750e-02 7.053041e-01 6.005093e-01 6.840925e-01
2.500000e-02 1.093750e-02 6.904118e-01 6.068655e-01 6.800528e-01
2.656250e-02 1.093750e-02 6.746720e-01 6.131422e-01 6.757914e-01
2.812500e-02 1.093750e-02 6.581270e-01 6.193346e-01 6.713148e-01
2.968750e-02 1.093750e-02 6.408213e-01 6.254379e-01 6.666298e-01
3.125000e-02 1.093750e-02 6.228013e-01 6.314476e-01 6.617436e-01
3.281250e-02 1.093750e-02 6.041145e-01 6.373592e-01 6.566640e-01
3.437500e-02 1.093750e-02 5.848112e-01 6.431685e-01 6.513989e-01
3.593750e-02 1.093750e-02 5.649413e-01 6.488711e-01 6.459566e-01
3.750000e-02 1.093750e-02 5.445590e-01 6.544635e-01 6.403453e-01
3.906250e-02 1.093750e-02 5.237158e-01 6.599402e-01 6.345740e-01
4.062500e-02 1.093750e-02 5.024706e-01 6.653000e-01 6.286515e-01
4.218750e-02 1.093750e-02 4.808716e-01 6.705355e-01 6.225876e-01
4.375000e-02 1.093750e-02 4.589878e-01 6.756501e-01 6.163915e-01
4.531250e-02 1.093750e-02 4.368554e-01 6.806295e-01 6.100734e-01
4.687500e-02 1.093750e-02 4.145669e-01 6.854893e-01 6.036436e-01
4.843750e-02 1.093750e-02 3.921222e-01 6.901950e-01 5.970844e-01
5.000000e-02 1.093750e-02 3.696774e-01 6.948195e-01 5.913601e-01
0.000000e+00 1.250000e-02 8.151584e-01 4.961571e-01 7.145279e-01
1.562500e-03 1.250000e-02 8.148987e-01 5.056832e-01 7.142143e-01
3.125000e-03 1.250000e-02 8.146391e-01 5.131318e-01 7.138131e-01
4.687500e-03 1.250000e-02 8.143139e-01 5.201912e-01 7.130251e-01
6.250000e-03 1.250000e-02 8.121731e-01 5.274758e-01 7.120096e-01
7.812500e-03 1.250000e-02 8.091618e-01 5.346152e-01 7.106908e-01
9.375000e-03 1.250000e-02 8.048372e-01 5.417861e-01 7.091136e-01
1.093750e-02 1.250000e-02 7.994371e-01 5.488990e-01 7.072639e-01
1.250000e-02 1.250000e-02 7.928732e-01 5.559925e-01 7.051556e-01
1.406250e-02 1.250000e-02 7.852187e-01 5.630425e-01 7.027878e-01
1.562500e-02 1.250000e-02 7.764727e-01 5.700538e-01 7.001661e-01
1.718750e-02 1.250000e-02 7.666736e-01 5.770165e-01 6.972928e-01
1.875000e-02 1.250000e-02 7.558445e-01 5.839273e-01 6.941720e-01
2.031250e-02 1.250000e-02 7.440196e-01 5.907795e-01 6.908074e-01
2.187500e-02 1.250000e-02 7.312314e-01 5.975678e-01 6.872034e-01
2.343750e-02 1.250000e-02 7.175165e-01 6.042864e-01 6.833651e-01
2.500000e-02 1.250000e-02 7.029129e-01 6.109302e-01 6.792979e-01
2.656250e-02 1.250000e-02 6.874611e-01 6.174939e-01 6.750077e-01
2.812500e-02 1.250000e-02 6.712037e-01 6.239723e-01 6.705009e-01
2.968750e-02 1.250000e-02 6.541849e-01 6.303607e-01 6.657843e-01
3.125000e-02 1.250000e-02 6.364511e-01 6.366543e-01 6.608651e-01
3.281250e-02 1.250000e-02 6.180499e-01 6.428486e-01 6.557510e-01
3.437500e-02 1.250000e-02 5.990316e-01 6.489395e-01 6.504498e-01
3.593750e-02 1.250000e-02 5.794458e-01 6.549220e-01 6.449696e-01
3.750000e-02 1.250000e-02 5.593474e-01 6.607926e-01 6.393188e-01
3.906250e-02 1.250000e-02 5.387872e-01 6.665461e-01 6.335063e-01
4.062500e-02 1.250000e-02 5.178244e-01 6.721810e-01 6.275409e-01
4.218750e-02 1.250000e-02 4.965068e-01 6.776899e-01 6.214323e-01
4.375000e-02 1.250000e-02 4.749038e-01 6.830762e-01 6.151897e-01
4.531250e-02 1.250000e-02 4.530511e-01 6.883253e-01 6.088232e-01
4.687500e-02 1.250000e-02 4.310419e-01 6.934531e-01 6.023436e-01
4.843750e-02 1.250000e-02 4.088750e-01 6.984243e-01 5.957228e-01
5.000000e-02 1.250000e-02 3.867081e-01 7.033151e-01 5.900643e-01
0.000000e+00 1.406250e-02 8.231607e-01 4.951404e-01 7.139608e-01
1.562500e-03 1.406250e-02 8.230765e-01 5.051764e-01 7.136422e-01
3.125000e-03 1.406250e-02 8.229923e-01 5.129690e-01 7.132380e-01
4.687500e-03 1.406250e-02 8.230232e-01 5.203069e-01 7.124476e-01
6.250000e-03 1.406250e-02 8.211420e-01 5.279098e-01 7.114294e-01
7.812500e-03 1.406250e-02 8.184392e-01 5.353466e-01 7.101051e-01
9.375000e-03 1.406250e-02 8.143989e-01 5.428227e-01 7.085185e-01
1.093750e-02 1.406250e-02 8.092949e-01 5.502328e-01 7.066550e-01
1.250000e-02 1.406250e-02 8.030210e-01 5.576231e-01 7.045293e-01
1.406250e-02 1.406250e-02 7.956590e-01 5.649660e-01 7.021410e-01
1.562500e-02 1.406250e-02 7.872035e-01 5.722689e-01 6.994965e-01
1.718750e-02 1.406250e-02 7.776952e-01 5.795213e-01 6.965985e-01
1.875000e-02 1.406250e-02 7.671561e-01 5.867207e-01 6.934516e-01
2.031250e-02 1.406250e-02 7.556207e-01 5.938604e-01 6.900594e-01
2.187500e-02 1.406250e-02 7.431214e-01 6.009353e-01 6.864268e-01
2.343750e-02 1.406250e-02 7.296947e-01 6.079398e-01 6.825585e-01
2.500000e-02 1.406250e-02 7.153786e-01 6.148683e-01 6.784600e-01
2.656250e-02 1.406250e-02 7.002137e-01 6.217156e-01 6.741371e-01
2.812500e-02 1.406250e-02 6.842423e-01 6.284765e-01 6.695962e-01
2.968750e-02 1.406250e-02 6.675087e-01 6.351459e-01 6.648439e-01
3.125000e-02 1.406250e-02 6.500593e-01 6.417191e-01 6.598874e-01
3.281250e-02 1.406250e-02 6.319417e-01 6.481913e-01 6.547342e-01
3.437500e-02 1.406250e-02 6.132059e-01 6.545583e-01 6.493923e-01
3.593750e-02 1.406250e-02 5.939022e-01 6.608147e-01 6.438694e-01
3.750000e-02 1.406250e-02 5.740850e-01 6.669573e-01 6.381741e-01
3.906250e-02 1.406250e-02 5.538049e-01 6.729806e-01 6.323151e-01
4.062500e-02 1.406250e-02 5.331212e-01 6.788832e-01 6.263015e-01
4.218750e-02 1.406250e-02 5.120818e-01 6.846574e-01 6.201426e-01
4.375000e-02 1.406250e-02 4.907559e-01 6.903067e-01 6.138478e-01
4.531250e-02 1.406250e-02 4.691790e-01 6.958162e-01 6.074271e-01
4.687500e-02 1.406250e-02 4.474448e-01 7.012019e-01 6.008917e-01
4.843750e-02 1.406250e-02 4.255512e-01 7.064279e-01 5.942021e-01
5.000000e-02 1.406250e-02 4.036576e-01 7.115735e-01 5.885987e-01
0.000000e+00 1.562500e-02 8.311384e-01 4.940063e-01 7.133275e-01
1.562500e-03 1.562500e-02 8.312281e-01 5.045544e-01 7.130060e-01
3.125000e-03 1.562500e-02 8.313179e-01 5.126907e-01 7.125987e-01
4.687500e-03 1.562500e-02 8.317043e-01 5.203055e-01 7.118049e-01
6.250000e-03 1.562500e-02 8.300815e-01 5.282253e-01 7.107830e-01
7.812500e-03 1.562500e-02 8.276865e-01 5.359585e-01 7.094530e-01
9.375000e-03 1.562500e-02 8.239297e-01 5.437396e-01 7.078575e-01
1.093750e-02 1.562500e-02 8.191212e-01 5.514475e-01 7.059811e-01
1.250000e-02 1.562500e-02 8.131365e-01 5.591354e-01 7.038383e-01
1.406250e-02 1.562500e-02 8.060664e-01 5.667720e-01 7.014294e-01
1.562500e-02 1.562500e-02 7.979009e-01 5.743666e-01 6.987612e-01
1.718750e-02 1.562500e-02 7.886827e-01 5.819083e-01 6.958369e-01
1.875000e-02 1.562500e-02 7.784327e-01 5.893954e-01 6.926616e-01
2.031250e-02 1.562500e-02 7.671860e-01 5.968210e-01 6.892393e-01
2.187500e-02 1.562500e-02 7.549744e-01 6.041805e-01 6.855749e-01
2.343750e-02 1.562500e-02 7.418348e-01 6.114681e-01 6.816733e-01
2.500000e-02 1.562500e-02 7.278049e-01 6.186783e-01 6.775399e-01
2.656250e-02 1.562500e-02 7.129252e-01 6.258056e-01 6.731805e-01
2.812500e-02 1.562500e-02 6.972381e-01 6.328450e-01 6.686014e-01
2.968750e-02 1.562500e-02 6.807879e-01 6.397910e-01 6.638093e-01
3.125000e-02 1.562500e-02 6.636208e-01 6.466388e-01 6.588112e-01
3.281250e-02 1.562500e-02 6.457845e-01 6.533836e-01 6.536146e-01
3.437500e-02 1.562500e-02 6.273287e-01 6.600205e-01 6.482272e-01
3.593750e-02 1.562500e-02 6.083043e-01 6.665444e-01 6.426569e-01
3.750000e-02 1.562500e-02 5.887652e-01 6.729519e-01 6.369122e-01
3.906250e-02 1.562500e-02 5.687618e-01 6.792373e-01 6.310017e-01
4.062500e-02 1.562500e-02 5.483538e-01 6.853992e-01 6.249345e-01
4.218750e-02 1.562500e-02 5.275885e-01 6.914298e-01 6.187199e-01
4.375000e-02 1.562500e-02 5.065356e-01 6.973323e-01 6.123673e-01
4.531250e-02 1.562500e-02 4.852300e-01 7.030918e-01 6.058866e-01
4.687500e-02 1.562500e-02 4.637662e-01 7.087246e-01 5.992898e-01
4.843750e-02 1.562500e-02 4.421405e-01 7.141933e-01 5.925242e-01
5.000000e-02 1.562500e-02 4.205149e-01 7.195809e-01 5.869643e-01
0.000000e+00 1.718750e-02 8.390851e-01 4.927552e-01 7.126282e-01
1.562500e-03 1.718750e-02 8.393479e-01 5.038177e-01 7.123062e-01
3.125000e-03 1.718750e-02 8.396107e-01 5.122979e-01 7.118967e-01
4.687500e-03 1.718750e-02 8.403524e-01 5.201886e-01 7.110988e-01
6.250000e-03 1.718750e-02 8.389874e-01 5.284240e-01 7.100721e-01
7.812500e-03 1.718750e-02 8.368998e-01 5.364525e-01 7.087354e-01
9.375000e-03 1.718750e-02 8.334260e-01 5.445378e-01 7.071306e-01
1.093750e-02 1.718750e-02 8.289126e-01 5.525434e-01 7.052412e-01
1.250000e-02 1.718750e-02 8.232167e-01 5.605290e-01 7.030815e-01
1.406250e-02 1.718750e-02 8.164380e-01 5.684595e-01 7.006517e-01
1.562500e-02 1.718750e-02 8.085618e-01 5.763459e-01 6.979590e-01
1.718750e-02 1.718750e-02 7.996330e-01 5.841765e-01 6.950071e-01
1.875000e-02 1.718750e-02 7.896713e-01 5.919502e-01 6.918015e-01
2.031250e-02 1.718750e-02 7.787123e-01 5.996603e-01 6.883467e-01
2.187500e-02 1.718750e-02 7.667874e-01 6.073022e-01 6.846476e-01
2.343750e-02 1.718750e-02 7.539334e-01 6.148701e-01 6.807094e-01
2.500000e-02 1.718750e-02 7.401882e-01 6.223587e-01 6.765376e-01
2.656250e-02 1.718750e-02 7.255921e-01 6.297624e-01 6.721380e-01
2.812500e-02 1.718750e-02 7.101874e-01 6.370758e-01 6.675169e-01
2.968750e-02 1.718750e-02 6.940183e-01 6.442935e-01 6.626809e-01
3.125000e-02 1.718750e-02 6.771311e-01 6.514106e-01 6.576370e-01
3.281250e-02 1.718750e-02 6.595732e-01 6.584218e-01 6.523927e-01
3.437500e-02 1.718750e-02 6.413950e-01 6.653221e-01 6.469552e-01
3.593750e-02 1.718750e-02 6.226467e-01 6.721062e-01 6.413328e-01
3.750000e-02 1.718750e-02 6.033821e-01 6.787707e-01 6.355337e-01
3.906250e-02 1.718750e-02 5.836519e-01 6.853098e-01 6.295668e-01
4.062500e-02 1.718750e-02 5.635154e-01 6.917220e-01 6.234409e-01
4.218750e-02 1.718750e-02 5.430199e-01 6.979989e-01 6.171654e-01
4.375000e-02 1.718750e-02 5.222354e-01 7.041442e-01 6.107494e-01
4.531250e-02 1.718750e-02 5.011960e-01 7.101423e-01 6.042031e-01
4.687500e-02 1.718750e-02 4.799972e-01 7.160099e-01 5.975391e-01
4.843750e-02 1.718750e-02 4.586337e-01 7.217084e-01 5.906910e-01
5.000000e-02 1.718750e-02 4.372701e-01 7.273240e-01 5.851626e-01
0.000000e+00 1.875000e-02 8.469974e-01 4.913881e-01 7.118630e-01
1.562500e-03 1.875000e-02 8.474323e-01 5.029671e-01 7.115425e-01
3.125000e-03 1.875000e-02 8.478672e-01 5.117914e-01 7.111319e-01
4.687500e-03 1.875000e-02 8.489642e-01 5.199575e-01 7.103299e-01
6.250000e-03 1.875000e-02 8.478565e-01 5.285075e-01 7.092975e-01
7.812500e-03 1.875000e-02 8.460759e-01 5.368301e-01 7.079532e-01
9.375000e-03 1.875000e-02 8.428849e-01 5.452186e-01 7.063381e-01
1.093750e-02 1.875000e-02 8.386662e-01 5.535210e-01 7.044351e-01
1.250000e-02 1.875000e-02 8.332587e-01 5.618039e-01 7.022581e-01
1.406250e-02 1.875000e-02 8.267707e-01 5.700281e-01 6.998069e-01
1.562500e-02 1.875000e-02 8.191833e-01 5.782059e-01 6.970890e-01
1.718750e-02 1.875000e-02 8.105432e-01 5.863249e-01 6.941084e-01
1.875000e-02 1.875000e-02 8.008689e-01 5.943842e-01 6.908708e-01
2.031250e-02 1.875000e-02 7.901964e-01 6.023771e-01 6.873812e-01
2.187500e-02 1.875000e-02 7.785569e-01 6.102992e-01 6.836448e-01
2.343750e-02 1.875000e-02 7.659872e-01 6.181446e-01 6.796670e-01
2.500000e-02 1.875000e-02 7.525249e-01 6.259081e-01 6.754535e-01
2.656250e-02 1.875000e-02 7.382104e-01 6.335840e-01 6.710101e-01
2.812500e-02 1.875000e-02 7.230860e-01 6.411669e-01 6.663432e-01
2.968750e-02 1.875000e-02 7.071956e-01 6.486510e-01 6.614593e-01
3.125000e-02 1.875000e-02 6.905857e-01 6.560315e-01 6.563654e-01
3.281250e-02 1.875000e-02 6.733033e-01 6.633025e-01 6.510688e-01
3.437500e-02 1.875000e-02 6.553994e-01 6.704589e-01 6.455769e-01
3.593750e-02 1.875000e-02 6.369236e-01 6.774955e-01 6.398978e-01
3.750000e-02 1.875000e-02 6.179299e-01 6.844086e-01 6.340397e-01
3.906250e-02 1.875000e-02 5.984685e-01 6.911921e-01 6.280115e-01
4.062500e-02 1.875000e-02 5.785992e-01 6.978445e-01 6.218218e-01
4.218750e-02 1.875000e-02 5.583686e-01 7.043571e-01 6.154801e-01
4.375000e-02 1.875000e-02 5.378474e-01 7.107336e-01 6.089955e-01
4.531250e-02 1.875000e-02 5.170685e-01 7.169578e-01 6.023781e-01
4.687500e-02 1.875000e-02 4.961290e-01 7.230471e-01 5.956414e-01
4.843750e-02 1.875000e-02 4.750211e-01 7.289612e-01 5.887045e-01
5.000000e-02 1.875000e-02 4.539131e-01 7.347895e-01 5.831948e-01
0.000000e+00 2.031250e-02 8.548709e-01 4.899056e-01 7.110322e-01
1.562500e-03 2.031250e-02 8.554772e-01 5.020032e-01 7.107152e-01
3.125000e-03 2.031250e-02 8.560834e-01 5.111720e-01 7.103047e-01
4.687500e-03 2.031250e-02 8.575358e-01 5.196129e-01 7.094990e-01
6.250000e-03 2.031250e-02 8.566852e-01 5.284769e-01 7.084603e-01
7.812500e-03 2.031250e-02 8.552114e-01 5.370923e-01 7.071072e-01
9.375000e-03 2.031250e-02 8.523029e-01 5.457828e-01 7.054807e-01
1.093750e-02 2.031250e-02 8.483786e-01 5.543811e-01 7.035632e-01
1.250000e-02 2.031250e-02 8.432592e-01 5.629605e-01 7.013679e-01
1.406250e-02 2.031250e-02 8.370616e-01 5.714775e-01 6.988946e-01
1.562500e-02 2.031250e-02 8.297623e-01 5.799461e-01 6.961505e-01
1.718750e-02 2.031250e-02 8.214101e-01 5.883525e-01 6.931399e-01
1.875000e-02 2.031250e-02 8.120223e-01 5.966962e-01 6.898688e-01
2.031250e-02 2.031250e-02 8.016352e-01 6.049702e-01 6.863423e-01
2.187500e-02 2.031250e-02 7.902797e-01 6.131701e-01 6.825662e-01
2.343750e-02 2.031250e-02 7.779926e-01 6.212902e-01 6.785460e-01
2.500000e-02 2.031250e-02 7.648114e-01 6.293251e-01 6.742876e-01
2.656250e-02 2.031250e-02 7.507764e-01 6.372689e-01 6.697970e-01
2.812500e-02 2.031250e-02 7.359297e-01 6.451162e-01 6.650806e-01
2.968750e-02 2.031250e-02 7.203154e-01 6.528613e-01 6.601449e-01
3.125000e-02 2.031250e-02 7.039796e-01 6.604987e-01 6.549970e-01
3.281250e-02 2.031250e-02 6.869699e-01 6.680224e-01 6.496439e-01
3.437500e-02 2.031250e-02 6.693367e-01 6.754273e-01 6.440931e-01
3.593750e-02 2.031250e-02 6.511295e-01 6.827079e-01 6.383528e-01
3.750000e-02 2.031250e-02 6.324024e-01 6.898603e-01 6.324311e-01
3.906250e-02 2.031250e-02 6.132053e-01 6.968782e-01 6.263367e-01
4.062500e-02 2.031250e-02 5.935982e-01 7.037600e-01 6.200783e-01
4.218750e-02 2.031250e-02 5.736273e-01 7.104966e-01 6.136654e-01
4.375000e-02 2.031250e-02 5.533637e-01 7.170918e-01 6.071069e-01
4.531250e-02 2.031250e-02 5.328394e-01 7.235289e-01 6.004130e-01
4.687500e-02 2.031250e-02 5.121527e-01 7.298256e-01 5.935983e-01
4.843750e-02 2.031250e-02 4.912932e-01 7.359401e-01 5.865667e-01
5.000000e-02 2.031250e-02 4.704337e-01 7.419648e-01 5.810624e-01
0.000000e+00 2.187500e-02 8.627018e-01 4.883088e-01 7.101359e-01
1.562500e-03 2.187500e-02 8.634787e-01 5.009268e-01 7.098243e-01
3.125000e-03 2.187500e-02 8.642556e-01 5.104404e-01 7.094155e-01
4.687500e-03 2.187500e-02 8.660636e-01 5.191557e-01 7.086065e-01
6.250000e-03 2.187500e-02 8.654698e-01 5.283331e-01 7.075613e-01
7.812500e-03 2.187500e-02 8.643029e-01 5.372403e-01 7.061985e-01
9.375000e-03 2.187500e-02 8.616767e-01 5.462316e-01 7.045593e-01
1.093750e-02 2.187500e-02 8.580467e-01 5.551244e-01 7.026258e-01
1.250000e-02 2.187500e-02 8.532151e-01 5.639989e-01 7.004111e-01
1.406250e-02 2.187500e-02 8.473076e-01 5.728078e-01 6.979143e-01
1.562500e-02 2.187500e-02 8.402959e-01 5.815660e-01 6.951429e-01
1.718750e-02 2.187500e-02 8.322308e-01 5.902586e-01 6.921010e-01
1.875000e-02 2.187500e-02 8.231284e-01 5.988853e-01 6.887947e-01
2.031250e-02 2.187500e-02 8.130255e-01 6.074384e-01 6.852295e-01
2.187500e-02 2.187500e-02 8.019525e-01 6.159139e-01 6.814114e-01
2.343750e-02 2.187500e-02 7.899463e-01 6.243055e-01 6.773462e-01
2.500000e-02 2.187500e-02 7.770441e-01 6.326079e-01 6.730400e-01
2.656250e-02 2.187500e-02 7.632863e-01 6.408153e-01 6.684989e-01
2.812500e-02 2.187500e-02 7.487148e-01 6.489218e-01 6.637294e-01
2.968750e-02 2.187500e-02 7.333736e-01 6.569218e-01 6.587382e-01
3.125000e-02 2.187500e-02 7.173087e-01 6.648094e-01 6.535322e-01
3.281250e-02 2.187500e-02 7.005681e-01 6.725783e-01 6.481185e-01
3.437500e-02 2.187500e-02 6.832017e-01 6.802234e-01 6.425047e-01
3.593750e-02 2.187500e-02 6.652589e-01 6.877390e-01 6.366988e-01
3.750000e-02 2.187500e-02 6.467937e-01 6.951209e-01 6.307088e-01
3.906250e-02 2.187500e-02 6.278560e-01 7.023625e-01 6.245437e-01
4.062500e-02 2.187500e-02 6.085058e-01 7.094621e-01 6.182118e-01
4.218750e-02 2.187500e-02 5.887888e-01 7.164102e-01 6.117227e-01
4.375000e-02 2.187500e-02 5.687767e-01 7.232108e-01 6.050853e-01
4.531250e-02 2.187500e-02 5.485002e-01 7.298462e-01 5.983097e-01
4.687500e-02 2.187500e-02 5.280595e-01 7.363351e-01 5.914117e-01
4.843750e-02 2.187500e-02 5.074408e-01 7.426338e-01 5.842799e-01
5.000000e-02 2.187500e-02 4.868221e-01 7.488373e-01 5.787670e-01
0.000000e+00 2.343750e-02 8.704860e-01 4.865986e-01 7.091745e-01
1.562500e-03 2.343750e-02 8.714329e-01 4.997388e-01 7.088703e-01
3.125000e-03 2.343750e-02 8.723799e-01 5.095972e-01 7.084644e-01
4.687500e-03 2.343750e-02 8.745438e-01 5.185865e-01 7.076530e-01
6.250000e-03 2.343750e-02 8.742069e-01 5.280766e-01 7.066012e-01
7.812500e-03 2.343750e-02 8.733469e-01 5.372748e-01 7.052279e-01
9.375000e-03 2.343750e-02 8.710032e-01 5.465655e-01 7.035747e-01
1.093750e-02 2.343750e-02 8.676674e-01 5.557514e-01 7.016238e-01
1.250000e-02 2.343750e-02 8.631234e-01 5.649198e-01 6.993879e-01
1.406250e-02 2.343750e-02 8.575056e-01 5.740190e-01 6.968663e-01
1.562500e-02 2.343750e-02 8.507809e-01 5.830654e-01 6.940659e-01
1.718750e-02 2.343750e-02 8.430022e-01 5.920427e-01 6.909911e-01
1.875000e-02 2.343750e-02 8.341842e-01 6.009505e-01 6.876480e-01
2.031250e-02 2.343750e-02 8.243642e-01 6.097808e-01 6.840422e-01
2.187500e-02 2.343750e-02 8.135720e-01 6.185290e-01 6.801799e-01
2.343750e-02 2.343750e-02 8.018448e-01 6.271890e-01 6.760672e-01
2.500000e-02 2.343750e-02 7.892194e-01 6.357551e-01 6.717103e-01
2.656250e-02 2.343750e-02 7.757362e-01 6.442213e-01 6.671156e-01
2.812500e-02 2.343750e-02 7.614370e-01 6.525817e-01 6.622897e-01
2.968750e-02 2.343750e-02 7.463657e-01 6.608303e-01 6.572395e-01
3.125000e-02 2.343750e-02 7.305685e-01 6.689609e-01 6.519716e-01
3.281250e-02 2.343750e-02 7.140931e-01 6.769671e-01 6.464933e-01
3.437500e-02 2.343750e-02 6.969892e-01 6.848437e-01 6.408123e-01
3.593750e-02 2.343750e-02 6.793061e-01 6.925846e-01 6.349365e-01
3.750000e-02 2.343750e-02 6.610979e-01 7.001854e-01 6.288740e-01
3.906250e-02 2.343750e-02 6.424142e-01 7.076393e-01 6.226335e-01
4.062500e-02 2.343750e-02 6.233151e-01 7.149443e-01 6.162234e-01
4.218750e-02 2.343750e-02 6.038457e-01 7.220907e-01 6.096535e-01
4.375000e-02 2.343750e-02 5.840786e-01 7.290823e-01 6.029321e-01
4.531250e-02 2.343750e-02 5.640427e-01 7.359008e-01 5.960698e-01
4.687500e-02 2.343750e-02 5.438406e-01 7.425658e-01 5.890834e-01
4.843750e-02 2.343750e-02 5.234545e-01 7.490312e-01 5.818464e-01
5.000000e-02 2.343750e-02 5.030684e-01 7.553949e-01 5.763104e-01
0.000000e+00 2.500000e-02 8.782194e-01 4.847759e-01 7.081481e-01
1.562500e-03 2.500000e-02 8.793358e-01 4.984401e-01 7.078533e-01
3.125000e-03 2.500000e-02 8.804523e-01 5.086434e-01 7.074520e-01
4.687500e-03 2.500000e-02 8.829726e-01 5.179059e-01 7.066390e-01
6.250000e-03 2.500000e-02 8.828927e-01 5.277082e-01 7.055807e-01
7.812500e-03 2.500000e-02 8.823400e-01 5.371962e-01 7.041962e-01
9.375000e-03 2.500000e-02 8.802789e-01 5.467852e-01 7.025278e-01
1.093750e-02 2.500000e-02 8.772375e-01 5.562627e-01 7.005577e-01
1.250000e-02 2.500000e-02 8.729811e-01 5.657232e-01 6.982989e-01
1.406250e-02 2.500000e-02 8.676526e-01 5.751112e-01 6.957505e-01
1.562500e-02 2.500000e-02 8.612145e-01 5.844441e-01 6.929195e-01
1.718750e-02 2.500000e-02 8.537213e-01 5.937043e-01 6.898099e-01
1.875000e-02 2.500000e-02 8.451867e-01 6.028912e-01 6.864281e-01
2.031250e-02 2.500000e-02 8.356481e-01 6.119962e-01 6.827798e-01
2.187500e-02 2.500000e-02 8.251352e-01 6.210144e-01 6.788711e-01
2.343750e-02 2.500000e-02 8.136848e-01 6.299393e-01 6.747085e-01
2.500000e-02 2.500000e-02 8.013338e-01 6.387650e-01 6.702983e-01
2.656250e-02 2.500000e-02 7.881225e-01 6.474852e-01 6.656472e-01
2.812500e-02 2.500000e-02 7.740926e-01 6.560938e-01 6.607617e-01
2.968750e-02 2.500000e-02 7.592876e-01 6.645845e-01 6.556489e-01
3.125000e-02 2.500000e-02 7.437544e-01 6.729506e-01 6.503155e-01
3.281250e-02 2.500000e-02 7.275399e-01 6.811858e-01 6.447689e-01
3.437500e-02 2.500000e-02 7.106940e-01 6.892846e-01 6.390168e-01
3.593750e-02 2.500000e-02 6.932657e-01 6.972406e-01 6.330670e-01
3.750000e-02 2.500000e-02 6.753091e-01 7.050493e-01 6.269276e-01
3.906250e-02 2.500000e-02 6.568735e-01 7.127034e-01 6.206074e-01
4.062500e-02 2.500000e-02 6.380194e-01 7.202008e-01 6.141147e-01
4.218750e-02 2.500000e-02 6.187910e-01 7.275312e-01 6.074592e-01
4.375000e-02 2.500000e-02 5.992617e-01 7.346988e-01 6.006493e-01
4.531250e-02 2.500000e-02 5.794589e-01 7.416842e-01 5.936954e-01
4.687500e-02 2.500000e-02 5.594874e-01 7.485080e-01 5.866157e-01
4.843750e-02 2.500000e-02 5.393251e-01 7.551217e-01 5.792687e-01
5.000000e-02 2.500000e-02 5.191628e-01 7.616260e-01 5.736945e-01
0.000000e+00 2.656250e-02 8.858978e-01 4.828420e-01 7.070571e-01
1.562500e-03 2.656250e-02 8.871833e-01 4.970318e-01 7.067741e-01
3.125000e-03 2.656250e-02 8.884688e-01 5.075797e-01 7.063790e-01
4.687500e-03 2.656250e-02 8.913460e-01 5.171145e-01 7.055653e-01
6.250000e-03 2.656250e-02 8.915236e-01 5.272282e-01 7.045005e-01
7.812500e-03 2.656250e-02 8.912786e-01 5.370049e-01 7.031044e-01
9.375000e-03 2.656250e-02 8.895007e-01 5.468908e-01 7.014193e-01
1.093750e-02 2.656250e-02 8.867539e-01 5.566585e-01 6.994285e-01
1.250000e-02 2.656250e-02 8.827852e-01 5.664096e-01 6.971447e-01
1.406250e-02 2.656250e-02 8.777459e-01 5.760845e-01 6.945675e-01
1.562500e-02 2.656250e-02 8.715938e-01 5.857020e-01 6.917036e-01
1.718750e-02 2.656250e-02 8.643854e-01 5.952430e-01 6.885573e-01
1.875000e-02 2.656250e-02 8.561330e-01 6.047068e-01 6.851347e-01
2.031250e-02 2.656250e-02 8.468743e-01 6.140838e-01 6.814416e-01
2.187500e-02 2.656250e-02 8.366387e-01 6.233690e-01 6.774845e-01
2.343750e-02 2.656250e-02 8.254629e-01 6.325551e-01 6.732696e-01
2.500000e-02 2.656250e-02 8.133838e-01 6.416361e-01 6.688036e-01
2.656250e-02 2.656250e-02 8.004414e-01 6.506052e-01 6.640932e-01
2.812500e-02 2.656250e-02 7.866774e-01 6.594561e-01 6.591452e-01
2.968750e-02 2.656250e-02 7.721352e-01 6.681819e-01 6.539666e-01
3.125000e-02 2.656250e-02 7.568618e-01 6.767758e-01 6.485643e-01
3.281250e-02 2.656250e-02 7.409038e-01 6.852313e-01 6.429458e-01
3.437500e-02 2.656250e-02 7.243108e-01 6.935428e-01 6.371187e-01
3.593750e-02 2.656250e-02 7.071319e-01 7.017032e-01 6.310910e-01
3.750000e-02 2.656250e-02 6.894213e-01 7.097081e-01 6.248707e-01
3.906250e-02 2.656250e-02 6.712276e-01 7.175495e-01 6.184666e-01
4.062500e-02 2.656250e-02 6.526117e-01 7.252255e-01 6.118870e-01
4.218750e-02 2.656250e-02 6.336172e-01 7.327251e-01 6.051415e-01
4.375000e-02 2.656250e-02 6.143182e-01 7.400527e-01 5.982385e-01
4.531250e-02 2.656250e-02 5.947404e-01 7.471878e-01 5.911882e-01
4.687500e-02 2.656250e-02 5.749911e-01 7.541524e-01 5.840105e-01
4.843750e-02 2.656250e-02 5.550433e-01 7.608950e-01 5.765493e-01
5.000000e-02 2.656250e-02 5.350956e-01 7.675192e-01 5.709212e-01
0.000000e+00 2.812500e-02 8.935167e-01 4.807979e-01 7.059018e-01
1.562500e-03 2.812500e-02 8.949709e-01 4.955149e-01 7.056333e-01
3.125000e-03 2.812500e-02 8.964251e-01 5.064069e-01 7.052462e-01
4.687500e-03 2.812500e-02 8.996600e-01 5.162129e-01 7.044329e-01
6.250000e-03 2.812500e-02 9.000959e-01 5.266368e-01 7.033619e-01
7.812500e-03 2.812500e-02 9.001594e-01 5.367010e-01 7.019533e-01
9.375000e-03 2.812500e-02 8.986652e-01 5.468825e-01 7.002503e-01
1.093750e-02 2.812500e-02 8.962135e-01 5.569389e-01 6.982367e-01
1.250000e-02 2.812500e-02 8.925328e-01 5.669788e-01 6.959259e-01
1.406250e-02 2.812500e-02 8.877826e-01 5.769388e-01 6.933174e-01
1.562500e-02 2.812500e-02 8.819161e-01 5.868389e-01 6.904184e-01
1.718750e-02 2.812500e-02 8.749916e-01 5.966585e-01 6.872329e-01
1.875000e-02 2.812500e-02 8.670202e-01 6.063966e-01 6.837674e-01
2.031250e-02 2.812500e-02 8.580399e-01 6.160429e-01 6.800274e-01
2.187500e-02 2.812500e-02 8.480796e-01 6.255917e-01 6.760194e-01
2.343750e-02 2.812500e-02 8.371761e-01 6.350352e-01 6.717500e-01
2.500000e-02 2.812500e-02 8.253661e-01 6.443669e-01 6.672257e-01
2.656250e-02 2.812500e-02 8.126894e-01 6.535796e-01 6.624534e-01
2.812500e-02 2.812500e-02 7.991875e-01 6.626666e-01 6.574401e-01
2.968750e-02 2.812500e-02 7.849044e-01 6.716203e-01 6.521926e-01
3.125000e-02 2.812500e-02 7.698864e-01 6.804340e-01 6.467182e-01
3.281250e-02 2.812500e-02 7.541799e-01 6.891008e-01 6.410244e-01
3.437500e-02 2.812500e-02 7.378348e-01 6.976147e-01 6.351188e-01
3.593750e-02 2.812500e-02 7.208996e-01 7.059685e-01 6.290095e-01
3.750000e-02 2.812500e-02 7.034287e-01 7.141573e-01 6.227045e-01
3.906250e-02 2.812500e-02 6.854703e-01 7.221728e-01 6.162125e-01
4.062500e-02 2.812500e-02 6.670857e-01 7.300129e-01 6.095419e-01
4.218750e-02 2.812500e-02 6.483174e-01 7.376660e-01 6.027022e-01
4.375000e-02 2.812500e-02 6.292409e-01 7.451370e-01 5.957017e-01
4.531250e-02 2.812500e-02 6.098793e-01 7.524038e-01 5.885507e-01
4.687500e-02 2.812500e-02 5.903434e-01 7.594900e-01 5.812704e-01
4.843750e-02 2.812500e-02 5.706004e-01 7.663413e-01 5.736914e-01
5.000000e-02 2.812500e-02 5.508574e-01 7.730637e-01 5.679925e-01
0.000000e+00 2.968750e-02 9.010710e-01 4.786449e-01 7.046823e-01
1.562500e-03 2.968750e-02 9.026938e-01 4.938905e-01 7.044318e-01
3.125000e-03 2.968750e-02 9.043166e-01 5.051258e-01 7.040550e-01
4.687500e-03 2.968750e-02 9.079104e-01 5.152014e-01 7.032431e-01
6.250000e-03 2.968750e-02 9.086055e-01 5.259341e-01 7.021658e-01
7.812500e-03 2.968750e-02 9.089787e-01 5.362842e-01 7.007440e-01
9.375000e-03 2.968750e-02 9.077695e-01 5.467599e-01 6.990216e-01
1.093750e-02 2.968750e-02 9.056136e-01 5.571034e-01 6.969833e-01
1.250000e-02 2.968750e-02 9.022212e-01 5.674306e-01 6.946429e-01
1.406250e-02 2.968750e-02 8.977601e-01 5.776739e-01 6.920007e-01
1.562500e-02 2.968750e-02 8.921788e-01 5.878546e-01 6.890639e-01
1.718750e-02 2.968750e-02 8.855374e-01 5.979505e-01 6.858368e-01
1.875000e-02 2.968750e-02 8.778456e-01 6.079603e-01 6.823257e-01
2.031250e-02 2.968750e-02 8.691419e-01 6.178728e-01 6.785365e-01
2.187500e-02 2.968750e-02 8.594548e-01 6.276816e-01 6.744754e-01
2.343750e-02 2.968750e-02 8.488210e-01 6.373785e-01 6.701490e-01
2.500000e-02 2.968750e-02 8.372770e-01 6.469560e-01 6.655640e-01
2.656250e-02 2.968750e-02 8.248626e-01 6.564068e-01 6.607272e-01
2.812500e-02 2.968750e-02 8.116191e-01 6.657233e-01 6.556459e-01
2.968750e-02 2.968750e-02 7.975908e-01 6.748976e-01 6.503267e-01
3.125000e-02 2.968750e-02 7.828234e-01 6.839228e-01 6.447772e-01
3.281250e-02 2.968750e-02 7.673633e-01 6.927915e-01 6.390048e-01
3.437500e-02 2.968750e-02 7.512603e-01 7.014973e-01 6.330174e-01
3.593750e-02 2.968750e-02 7.345628e-01 7.100328e-01 6.268230e-01
3.750000e-02 2.968750e-02 7.173250e-01 7.183927e-01 6.204297e-01
3.906250e-02 2.968750e-02 6.995949e-01 7.265684e-01 6.138461e-01
4.062500e-02 2.968750e-02 6.814340e-01 7.345576e-01 6.070806e-01
4.218750e-02 2.968750e-02 6.628840e-01 7.423479e-01 6.001428e-01
4.375000e-02 2.968750e-02 6.440214e-01 7.499446e-01 5.930407e-01
4.531250e-02 2.968750e-02 6.248671e-01 7.573244e-01 5.857849e-01
4.687500e-02 2.968750e-02 6.055351e-01 7.645124e-01 5.783976e-01
4.843750e-02 2.968750e-02 5.859866e-01 7.714510e-01 5.706975e-01
5.000000e-02 2.968750e-02 5.664381e-01 7.782489e-01 5.649108e-01
0.000000e+00 3.125000e-02 9.085554e-01 4.763843e-01 7.033992e-01
1.562500e-03 3.125000e-02 9.103469e-01 4.921594e-01 7.031708e-01
3.125000e-03 3.125000e-02 9.121385e-01 5.037370e-01 7.028070e-01
4.687500e-03 3.125000e-02 9.160927e-01 5.140801e-01 7.019977e-01
6.250000e-03 3.125000e-02 9.170488e-01 5.251197e-01 7.009140e-01
7.812500e-03 3.125000e-02 9.177333e-01 5.357541e-01 6.994777e-01
9.375000e-03 3.125000e-02 9.168105e-01 5.465223e-01 6.977341e-01
1.093750e-02 3.125000e-02 9.149515e-01 5.571514e-01 6.956687e-01
1.250000e-02 3.125000e-02 9.118482e-01 5.677643e-01 6.932962e-01
1.406250e-02 3.125000e-02 9.076762e-01 5.782893e-01 6.906174e-01
1.562500e-02 3.125000e-02 9.023797e-01 5.887486e-01 6.876401e-01
1.718750e-02 3.125000e-02 8.960203e-01 5.991185e-01 6.843687e-01
1.875000e-02 3.125000e-02 8.886069e-01 6.093974e-01 6.808095e-01
2.031250e-02 3.125000e-02 8.801779e-01 6.195729e-01 6.769685e-01
2.187500e-02 3.125000e-02 8.707616e-01 6.296382e-01 6.728519e-01
2.343750e-02 3.125000e-02 8.603947e-01 6.395839e-01 6.684661e-01
2.500000e-02 3.125000e-02 8.491135e-01 6.494023e-01 6.638180e-01
2.656250e-02 3.125000e-02 8.369579e-01 6.590853e-01 6.589145e-01
2.812500e-02 3.125000e-02 8.239687e-01 6.686245e-01 6.537624e-01
2.968750e-02 3.125000e-02 8.101907e-01 6.780117e-01 6.483689e-01
3.125000e-02 3.125000e-02 7.956688e-01 6.872396e-01 6.427415e-01
3.281250e-02 3.125000e-02 7.804497e-01 6.963004e-01 6.368877e-01
3.437500e-02 3.125000e-02 7.645829e-01 7.051874e-01 6.308154e-01
3.593750e-02 3.125000e-02 7.481165e-01 7.138925e-01 6.245327e-01
3.750000e-02 3.125000e-02 7.311050e-01 7.224104e-01 6.180476e-01
3.906250e-02 3.125000e-02 7.135958e-01 7.307317e-01 6.113690e-01
4.062500e-02 3.125000e-02 6.956507e-01 7.388543e-01 6.045050e-01
4.218750e-02 3.125000e-02 6.773105e-01 7.467648e-01 5.974654e-01
4.375000e-02 3.125000e-02 6.586529e-01 7.544691e-01 5.902581e-01
4.531250e-02 3.125000e-02 6.396964e-01 7.619423e-01 5.828935e-01
4.687500e-02 3.125000e-02 6.205586e-01 7.692113e-01 5.753953e-01
4.843750e-02 3.125000e-02 6.011939e-01 7.762151e-01 5.675714e-01
5.000000e-02 3.125000e-02 5.818293e-01 7.830648e-01 5.616784e-01
0.000000e+00 3.281250e-02 9.159631e-01 4.740174e-01 7.020527e-01
1.562500e-03 3.281250e-02 9.179239e-01 4.903226e-01 7.018518e-01
3.125000e-03 3.281250e-02 9.198847e-01 5.022405e-01 7.015042e-01
4.687500e-03 3.281250e-02 9.242018e-01 5.128484e-01 7.006986e-01
6.250000e-03 3.281250e-02 9.254214e-01 5.241926e-01 6.996081e-01
7.812500e-03 3.281250e-02 9.264196e-01 5.351092e-01 6.981560e-01
9.375000e-03 3.281250e-02 9.257855e-01 5.461683e-01 6.963887e-01
1.093750e-02 3.281250e-02 9.242248e-01 5.570817e-01 6.942934e-01
1.250000e-02 3.281250e-02 9.214113e-01 5.679790e-01 6.918858e-01
1.406250e-02 3.281250e-02 9.175286e-01 5.787842e-01 6.891675e-01
1.562500e-02 3.281250e-02 9.125164e-01 5.895205e-01 6.861466e-01
1.718750e-02 3.281250e-02 9.064381e-01 6.001623e-01 6.828280e-01
1.875000e-02 3.281250e-02 8.993013e-01 6.107076e-01 6.792181e-01
2.031250e-02 3.281250e-02 8.911449e-01 6.211430e-01 6.753227e-01
2.187500e-02 3.281250e-02 8.819968e-01 6.314608e-01 6.711480e-01
2.343750e-02 3.281250e-02 8.718937e-01 6.416509e-01 6.667006e-01
2.500000e-02 3.281250e-02 8.608718e-01 6.517049e-01 6.619870e-01
2.656250e-02 3.281250e-02 8.489707e-01 6.616138e-01 6.570142e-01
2.812500e-02 3.281250e-02 8.362318e-01 6.713687e-01 6.517890e-01
2.968750e-02 3.281250e-02 8.226989e-01 6.809608e-01 6.463186e-01
3.125000e-02 3.281250e-02 8.084174e-01 6.903824e-01 6.406106e-01
3.281250e-02 3.281250e-02 7.934333e-01 6.996251e-01 6.346727e-01
3.437500e-02 3.281250e-02 7.777963e-01 7.086819e-01 6.285126e-01
3.593750e-02 3.281250e-02 7.615543e-01 7.175442e-01 6.221385e-01
3.750000e-02 3.281250e-02 7.447616e-01 7.262063e-01 6.155587e-01
3.906250e-02 3.281250e-02 7.274653e-01 7.346584e-01 6.087818e-01
4.062500e-02 3.281250e-02 7.097276e-01 7.428980e-01 6.018161e-01
4.218750e-02 3.281250e-02 6.915883e-01 7.509113e-01 5.946713e-01
4.375000e-02 3.281250e-02 6.731264e-01 7.587043e-01 5.873553e-01
4.531250e-02 3.281250e-02 6.543576e-01 7.662505e-01 5.798783e-01
4.687500e-02 3.281250e-02 6.354036e-01 7.735790e-01 5.722653e-01
4.843750e-02 3.281250e-02 6.162116e-01 7.806250e-01 5.643156e-01
5.000000e-02 3.281250e-02 5.970197e-01 7.875018e-01 5.582976e-01
0.000000e+00 3.437500e-02 9.232878e-01 4.715457e-01 7.006431e-01
1.562500e-03 3.437500e-02 9.254188e-01 4.883808e-01 7.004773e-01
3.125000e-03 3.437500e-02 9.275499e-01 5.006365e-01 7.001502e-01
4.687500e-03 3.437500e-02 9.322330e-01 5.115053e-01 6.993494e-01
6.250000e-03 3.437500e-02 9.337198e-01 5.231512e-01 6.982507e-01
7.812500e-03 3.437500e-02 9.350349e-01 5.343476e-01 6.967802e-01
9.375000e-03 3.437500e-02 9.346922e-01 5.456959e-01 6.949861e-01
1.093750e-02 3.437500e-02 9.334317e-01 5.568925e-01 6.928577e-01
1.250000e-02 3.437500e-02 9.309092e-01 5.680731e-01 6.904116e-01
1.406250e-02 3.437500e-02 9.273160e-01 5.791575e-01 6.876505e-01
1.562500e-02 3.437500e-02 9.225877e-01 5.901693e-01 6.845830e-01
1.718750e-02 3.437500e-02 9.167892e-01 6.010811e-01 6.812144e-01
1.875000e-02 3.437500e-02 9.099272e-01 6.118903e-01 6.775510e-01
2.031250e-02 3.437500e-02 9.020411e-01 6.225824e-01 6.735986e-01
2.187500e-02 3.437500e-02 8.931584e-01 6.331489e-01 6.693636e-01
2.343750e-02 3.437500e-02 8.833159e-01 6.435787e-01 6.648521e-01
2.500000e-02 3.437500e-02 8.725497e-01 6.538628e-01 6.600707e-01
2.656250e-02 3.437500e-02 8.608990e-01 6.639912e-01 6.550264e-01
2.812500e-02 3.437500e-02 8.484056e-01 6.739543e-01 6.497258e-01
2.968750e-02 3.437500e-02 8.351129e-01 6.837430e-01 6.441762e-01
3.125000e-02 3.437500e-02 8.210660e-01 6.933488e-01 6.383852e-01
3.281250e-02 3.437500e-02 8.063109e-01 7.027630e-01 6.323605e-01
3.437500e-02 3.437500e-02 7.908971e-01 7.119779e-01 6.261101e-01
3.593750e-02 3.437500e-02 7.748722e-01 7.209845e-01 6.196420e-01
3.750000e-02 3.437500e-02 7.582907e-01 7.297767e-01 6.129646e-01
3.906250e-02 3.437500e-02 7.411992e-01 7.383441e-01 6.060867e-01
4.062500e-02 3.437500e-02 7.236602e-01 7.466841e-01 5.990164e-01
4.218750e-02 3.437500e-02 7.057124e-01 7.547819e-01 5.917635e-01
4.375000e-02 3.437500e-02 6.874364e-01 7.626441e-01 5.843357e-01
4.531250e-02 3.437500e-02 6.688450e-01 7.702423e-01 5.767433e-01
4.687500e-02 3.437500e-02 6.500643e-01 7.776080e-01 5.690121e-01
4.843750e-02 3.437500e-02 6.310335e-01 7.846724e-01 5.609353e-01
5.000000e-02 3.437500e-02 6.120028e-01 7.915510e-01 5.547710e-01
0.000000e+00 3.593750e-02 9.305180e-01 4.689707e-01 6.991710e-01
1.562500e-03 3.593750e-02 9.328213e-01 4.863344e-01 6.990496e-01
3.125000e-03 3.593750e-02 9.351246e-01 4.989235e-01 6.987480e-01
4.687500e-03 3.593750e-02 9.401796e-01 5.100477e-01 6.979531e-01
6.250000e-03 3.593750e-02 9.419395e-01 5.219916e-01 6.968442e-01
7.812500e-03 3.593750e-02 9.435761e-01 5.334655e-01 6.953522e-01
9.375000e-03 3.593750e-02 9.435289e-01 5.451018e-01 6.935271e-01
1.093750e-02 3.593750e-02 9.425708e-01 5.565810e-01 6.913613e-01
1.250000e-02 3.593750e-02 9.403405e-01 5.680447e-01 6.888728e-01
1.406250e-02 3.593750e-02 9.370368e-01 5.794078e-01 6.860653e-01
1.562500e-02 3.593750e-02 9.325914e-01 5.906942e-01 6.829480e-01
1.718750e-02 3.593750e-02 9.270710e-01 6.018746e-01 6.795263e-01
1.875000e-02 3.593750e-02 9.204817e-01 6.129455e-01 6.758067e-01
2.031250e-02 3.593750e-02 9.128631e-01 6.238912e-01 6.717949e-01
2.187500e-02 3.593750e-02 9.042425e-01 6.347024e-01 6.674970e-01
2.343750e-02 3.593750e-02 8.946569e-01 6.453672e-01 6.629191e-01
2.500000e-02 3.593750e-02 8.841421e-01 6.558756e-01 6.580677e-01
2.656250e-02 3.593750e-02 8.727372e-01 6.662167e-01 6.529496e-01
2.812500e-02 3.593750e-02 8.604844e-01 6.763804e-01 6.475713e-01
2.968750e-02 3.593750e-02 8.474262e-01 6.863569e-01 6.419402e-01
3.125000e-02 3.593750e-02 8.336078e-01 6.961373e-01 6.360639e-01
3.281250e-02 3.593750e-02 8.190751e-01 7.057120e-01 6.299501e-01
3.437500e-02 3.593750e-02 8.038773e-01 7.150730e-01 6.236068e-01
3.593750e-02 3.593750e-02 7.880619e-01 7.242106e-01 6.170423e-01
3.750000e-02 3.593750e-02 7.716833e-01 7.331184e-01 6.102647e-01
3.906250e-02 3.593750e-02 7.547875e-01 7.417851e-01 6.032831e-01
4.062500e-02 3.593750e-02 7.374378e-01 7.502083e-01 5.961055e-01
4.218750e-02 3.593750e-02 7.196716e-01 7.583719e-01 5.887419e-01
4.375000e-02 3.593750e-02 7.015710e-01 7.662832e-01 5.811997e-01
4.531250e-02 3.593750e-02 6.831460e-01 7.739119e-01 5.734891e-01
4.687500e-02 3.593750e-02 6.645271e-01 7.812917e-01 5.656367e-01
4.843750e-02 3.593750e-02 6.456456e-01 7.883498e-01 5.574318e-01
5.000000e-02 3.593750e-02 6.267641e-01 7.952038e-01 5.511012e-01
0.000000e+00 3.750000e-02 9.376441e-01 4.662939e-01 6.976365e-01
1.562500e-03 3.750000e-02 9.401236e-01 4.841828e-01 6.975753e-01
3.125000e-03 3.750000e-02 9.426031e-01 4.970995e-01 6.973053e-01
4.687500e-03 3.750000e-02 9.480369e-01 5.084718e-01 6.965162e-01
6.250000e-03 3.750000e-02 9.500780e-01 5.207090e-01 6.953921e-01
7.812500e-03 3.750000e-02 9.520417e-01 5.324580e-01 6.938731e-01
9.375000e-03 3.750000e-02 9.522950e-01 5.443813e-01 6.920111e-01
1.093750e-02 3.750000e-02 9.516417e-01 5.561436e-01 6.898031e-01
1.250000e-02 3.750000e-02 9.497053e-01 5.678908e-01 6.872678e-01
1.406250e-02 3.750000e-02 9.466910e-01 5.795330e-01 6.844105e-01
1.562500e-02 3.750000e-02 9.425277e-01 5.910938e-01 6.812403e-01
1.718750e-02 3.750000e-02 9.372838e-01 6.025419e-01 6.777629e-01
1.875000e-02 3.750000e-02 9.309648e-01 6.138725e-01 6.739847e-01
2.031250e-02 3.750000e-02 9.236108e-01 6.250690e-01 6.699113e-01
2.187500e-02 3.750000e-02 9.152490e-01 6.361210e-01 6.655485e-01
2.343750e-02 3.750000e-02 9.059164e-01 6.470158e-01 6.609022e-01
2.500000e-02 3.750000e-02 8.956488e-01 6.577425e-01 6.559789e-01
2.656250e-02 3.750000e-02 8.844852e-01 6.682895e-01 6.507848e-01
2.812500e-02 3.750000e-02 8.724676e-01 6.786458e-01 6.453269e-01
2.968750e-02 3.750000e-02 8.596383e-01 6.888011e-01 6.396123e-01
3.125000e-02 3.750000e-02 8.460424e-01 6.987458e-01 6.336485e-01
3.281250e-02 3.750000e-02 8.317254e-01 7.084698e-01 6.274435e-01
3.437500e-02 3.750000e-02 8.167364e-01 7.179645e-01 6.210052e-01
3.593750e-02 3.750000e-02 8.011226e-01 7.272194e-01 6.143421e-01
3.750000e-02 3.750000e-02 7.849385e-01 7.362277e-01 6.074623e-01
3.906250e-02 3.750000e-02 7.682296e-01 7.449775e-01 6.003749e-01
4.062500e-02 3.750000e-02 7.510597e-01 7.534661e-01 5.930880e-01
4.218750e-02 3.750000e-02 7.334649e-01 7.616764e-01 5.856115e-01
4.375000e-02 3.750000e-02 7.155292e-01 7.696162e-01 5.779529e-01
4.531250e-02 3.750000e-02 6.972594e-01 7.772531e-01 5.701221e-01
4.687500e-02 3.750000e-02 6.787911e-01 7.846233e-01 5.621461e-01
4.843750e-02 3.750000e-02 6.600467e-01 7.916499e-01 5.538136e-01
5.000000e-02 3.750000e-02 6.413024e-01 7.984520e-01 5.472911e-01
0.000000e+00 3.906250e-02 9.446376e-01 4.635170e-01 6.960403e-01
1.562500e-03 3.906250e-02 9.473032e-01 4.819213e-01 6.960586e-01
3.125000e-03 3.906250e-02 9.499689e-01 4.951559e-01 6.958270e-01
4.687500e-03 3.906250e-02 9.557951e-01 5.067663e-01 6.950435e-01
6.250000e-03 3.906250e-02 9.581326e-01 5.192919e-01 6.938974e-01
7.812500e-03 3.906250e-02 9.604313e-01 5.313157e-01 6.923442e-01
9.375000e-03 3.906250e-02 9.609919e-01 5.435275e-01 6.904378e-01
1.093750e-02 3.906250e-02 9.606458e-01 5.555753e-01 6.881813e-01
1.250000e-02 3.906250e-02 9.590038e-01 5.676085e-01 6.855940e-01
1.406250e-02 3.906250e-02 9.562777e-01 5.795317e-01 6.826827e-01
1.562500e-02 3.906250e-02 9.523943e-01 5.913677e-01 6.794564e-01
1.718750e-02 3.906250e-02 9.474238e-01 6.030830e-01 6.759207e-01
1.875000e-02 3.906250e-02 9.413716e-01 6.146719e-01 6.720816e-01
2.031250e-02 3.906250e-02 9.342783e-01 6.261164e-01 6.679444e-01
2.187500e-02 3.906250e-02 9.261711e-01 6.374054e-01 6.635147e-01
2.343750e-02 3.906250e-02 9.170870e-01 6.485251e-01 6.587981e-01
2.500000e-02 3.906250e-02 9.070614e-01 6.594641e-01 6.538008e-01
2.656250e-02 3.906250e-02 8.961339e-01 6.702095e-01 6.485288e-01
2.812500e-02 3.906250e-02 8.843457e-01 6.807501e-01 6.429891e-01
2.968750e-02 3.906250e-02 8.717390e-01 6.910749e-01 6.371888e-01
3.125000e-02 3.906250e-02 8.583587e-01 7.011734e-01 6.311356e-01
3.281250e-02 3.906250e-02 8.442498e-01 7.110351e-01 6.248372e-01
3.437500e-02 3.906250e-02 8.294616e-01 7.206505e-01 6.183018e-01
3.593750e-02 3.906250e-02 8.140407e-01 7.300087e-01 6.115379e-01
3.750000e-02 3.906250e-02 7.980417e-01 7.391023e-01 6.045537e-01
3.906250e-02 3.906250e-02 7.815097e-01 7.479185e-01 5.973585e-01
4.062500e-02 3.906250e-02 7.645087e-01 7.564545e-01 5.899603e-01
4.218750e-02 3.906250e-02 7.470741e-01 7.646920e-01 5.823691e-01
4.375000e-02 3.906250e-02 7.292914e-01 7.726392e-01 5.745923e-01
4.531250e-02 3.906250e-02 7.111644e-01 7.802616e-01 5.666394e-01
4.687500e-02 3.906250e-02 6.928339e-01 7.875978e-01 5.585377e-01
4.843750e-02 3.906250e-02 6.742139e-01 7.945666e-01 5.500783e-01
5.000000e-02 3.906250e-02 6.555939e-01 8.012882e-01 5.433434e-01
0.000000e+00 4.062500e-02 9.514835e-01 4.606415e-01 6.943826e-01
1.562500e-03 4.062500e-02 9.543511e-01 4.795440e-01 6.945221e-01
3.125000e-03 4.062500e-02 9.572187e-01 4.930838e-01 6.943310e-01
4.687500e-03 4.062500e-02 9.634512e-01 5.049201e-01 6.935459e-01
6.250000e-03 4.062500e-02 9.661035e-01 5.177285e-01 6.923616e-01
7.812500e-03 4.062500e-02 9.687453e-01 5.300280e-01 6.907624e-01
9.375000e-03 4.062500e-02 9.696213e-01 5.425310e-01 6.888014e-01
1.093750e-02 4.062500e-02 9.695848e-01 5.548692e-01 6.864901e-01
1.250000e-02 4.062500e-02 9.682387e-01 5.671925e-01 6.838465e-01
1.406250e-02 4.062500e-02 9.657998e-01 5.794002e-01 6.808787e-01
1.562500e-02 4.062500e-02 9.621945e-01 5.915135e-01 6.775944e-01
1.718750e-02 4.062500e-02 9.574948e-01 6.034967e-01 6.739991e-01
1.875000e-02 4.062500e-02 9.517062e-01 6.153429e-01 6.700980e-01
2.031250e-02 4.062500e-02 9.448700e-01 6.270331e-01 6.658959e-01
2.187500e-02 4.062500e-02 9.370133e-01 6.385551e-01 6.613981e-01
2.343750e-02 4.062500e-02 9.281734e-01 6.498948e-01 6.566097e-01
2.500000e-02 4.062500e-02 9.183852e-01 6.610396e-01 6.515369e-01
2.656250e-02 4.062500e-02 9.076888e-01 6.719760e-01 6.461855e-01
2.812500e-02 4.062500e-02 8.961245e-01 6.826923e-01 6.405624e-01
2.968750e-02 4.062500e-02 8.837344e-01 6.931767e-01 6.346749e-01
3.125000e-02 4.062500e-02 8.705632e-01 7.034182e-01 6.285304e-01
3.281250e-02 4.062500e-02 8.566555e-01 7.134054e-01 6.221370e-01
3.437500e-02 4.062500e-02 8.420604e-01 7.231284e-01 6.155029e-01
3.593750e-02 4.062500e-02 8.268242e-01 7.325754e-01 6.086366e-01
3.750000e-02 4.062500e-02 8.110014e-01 7.417385e-01 6.015467e-01
3.906250e-02 4.062500e-02 7.946367e-01 7.506042e-01 5.942423e-01
4.062500e-02 4.062500e-02 7.777946e-01 7.591692e-01 5.867318e-01
4.218750e-02 4.062500e-02 7.605093e-01 7.674139e-01 5.790250e-01
4.375000e-02 4.062500e-02 7.428683e-01 7.753471e-01 5.711293e-01
4.531250e-02 4.062500e-02 7.248726e-01 7.829318e-01 5.630540e-01
4.687500e-02 4.062500e-02 7.066679e-01 7.902090e-01 5.548259e-01
4.843750e-02 4.062500e-02 6.881600e-01 7.970933e-01 5.462426e-01
5.000000e-02 4.062500e-02 6.696522e-01 8.037054e-01 5.392610e-01
0.000000e+00 4.218750e-02 9.580674e-01 4.576693e-01 6.926640e-01
1.562500e-03 4.218750e-02 9.611956e-01 4.770131e-01 6.929709e-01
3.125000e-03 4.218750e-02 9.643239e-01 4.908366e-01 6.928207e-01
4.687500e-03 4.218750e-02 9.709943e-01 5.028908e-01 6.920300e-01
6.250000e-03 4.218750e-02 9.740006e-01 5.159847e-01 6.907871e-01
7.812500e-03 4.218750e-02 9.769947e-01 5.285731e-01 6.891278e-01
9.375000e-03 4.218750e-02 9.781943e-01 5.413789e-01 6.870989e-01
1.093750e-02 4.218750e-02 9.784655e-01 5.540192e-01 6.847244e-01
1.250000e-02 4.218750e-02 9.774122e-01 5.666409e-01 6.820187e-01
1.406250e-02 4.218750e-02 9.752551e-01 5.791391e-01 6.789908e-01
1.562500e-02 4.218750e-02 9.719225e-01 5.915329e-01 6.756464e-01
1.718750e-02 4.218750e-02 9.674877e-01 6.037851e-01 6.719901e-01
1.875000e-02 4.218750e-02 9.619572e-01 6.158878e-01 6.680258e-01
2.031250e-02 4.218750e-02 9.553724e-01 6.278211e-01 6.637578e-01
2.187500e-02 4.218750e-02 9.477607e-01 6.395723e-01 6.591905e-01
2.343750e-02 4.218750e-02 9.391593e-01 6.511266e-01 6.543291e-01
2.500000e-02 4.218750e-02 9.296027e-01 6.624705e-01 6.491792e-01
2.656250e-02 4.218750e-02 9.191309e-01 6.735901e-01 6.437467e-01
2.812500e-02 4.218750e-02 9.077838e-01 6.844731e-01 6.380384e-01
2.968750e-02 4.218750e-02 8.956031e-01 6.951071e-01 6.320615e-01
3.125000e-02 4.218750e-02 8.826330e-01 7.054803e-01 6.258238e-01
3.281250e-02 4.218750e-02 8.689180e-01 7.155807e-01 6.193332e-01
3.437500e-02 4.218750e-02 8.545067e-01 7.253977e-01 6.125983e-01
3.593750e-02 4.218750e-02 8.394451e-01 7.349188e-01 6.056276e-01
3.750000e-02 4.218750e-02 8.237877e-01 7.441356e-01 5.984300e-01
3.906250e-02 4.218750e-02 8.075785e-01 7.530335e-01 5.910147e-01
4.062500e-02 4.218750e-02 7.908827e-01 7.616090e-01 5.833902e-01
4.218750e-02 4.218750e-02 7.737334e-01 7.698411e-01 5.755665e-01
4.375000e-02 4.218750e-02 7.562199e-01 7.777387e-01 5.675511e-01
4.531250e-02 4.218750e-02 7.383406e-01 7.852624e-01 5.593527e-01
4.687500e-02 4.218750e-02 7.202466e-01 7.924551e-01 5.509976e-01
4.843750e-02 4.218750e-02 7.018365e-01 7.992272e-01 5.422929e-01
5.000000e-02 4.218750e-02 6.834265e-01 8.056971e-01 5.350472e-01
0.000000e+00 4.375000e-02 9.643803e-01 4.546021e-01 6.908849e-01
1.562500e-03 4.375000e-02 9.678410e-01 4.743039e-01 6.915097e-01
3.125000e-03 4.375000e-02 9.713018e-01 4.883855e-01 6.913249e-01
4.687500e-03 4.375000e-02 9.784236e-01 5.006506e-01 6.904969e-01
6.250000e-03 4.375000e-02 9.818279e-01 5.140313e-01 6.891500e-01
7.812500e-03 4.375000e-02 9.851787e-01 5.269273e-01 6.874124e-01
9.375000e-03 4.375000e-02 9.867136e-01 5.400518e-01 6.853060e-01
1.093750e-02 4.375000e-02 9.872919e-01 5.530112e-01 6.828663e-01
1.250000e-02 4.375000e-02 9.865313e-01 5.659439e-01 6.800996e-01
1.406250e-02 4.375000e-02 9.846528e-01 5.787419e-01 6.770142e-01
1.562500e-02 4.375000e-02 9.815896e-01 5.914220e-01 6.736123e-01
1.718750e-02 4.375000e-02 9.774159e-01 6.039459e-01 6.698970e-01
1.875000e-02 4.375000e-02 9.721394e-01 6.163052e-01 6.658711e-01
2.031250e-02 4.375000e-02 9.658020e-01 6.284797e-01 6.615379e-01
2.187500e-02 4.375000e-02 9.584311e-01 6.404562e-01 6.569016e-01
2.343750e-02 4.375000e-02 9.500637e-01 6.522196e-01 6.519669e-01
2.500000e-02 4.375000e-02 9.407340e-01 6.637559e-01 6.467393e-01
2.656250e-02 4.375000e-02 9.304820e-01 6.750505e-01 6.412247e-01
2.812500e-02 4.375000e-02 9.193467e-01 6.860909e-01 6.354302e-01
2.968750e-02 4.375000e-02 9.073696e-01 6.968638e-01 6.293629e-01
3.125000e-02 4.375000e-02 8.945944e-01 7.073570e-01 6.230307e-01
3.281250e-02 4.375000e-02 8.810652e-01 7.175578e-01 6.164419e-01
3.437500e-02 4.375000e-02 8.668304e-01 7.274548e-01 6.096050e-01
3.593750e-02 4.375000e-02 8.519353e-01 7.370349e-01 6.025291e-01
3.750000e-02 4.375000e-02 8.364346e-01 7.462890e-01 5.952231e-01
3.906250e-02 4.375000e-02 8.203715e-01 7.552016e-01 5.876967e-01
4.062500e-02 4.375000e-02 8.038118e-01 7.637687e-01 5.799585e-01
4.218750e-02 4.375000e-02 7.867877e-01 7.719679e-01 5.720186e-01
4.375000e-02 4.375000e-02 7.693902e-01 7.798081e-01 5.638848e-01
4.531250e-02 4.375000e-02 7.516157e-01 7.872474e-01 5.555657e-01
4.687500e-02 4.375000e-02 7.336201e-01 7.943298e-01 5.470861e-01
4.843750e-02 4.375000e-02 7.152963e-01 8.009618e-01 5.382688e-01
5.000000e-02 4.375000e-02 6.969725e-01 8.072575e-01 5.307048e-01
0.000000e+00 4.531250e-02 9.697511e-01 4.514418e-01 6.890457e-01
1.562500e-03 4.531250e-02 9.739621e-01 4.711188e-01 6.901222e-01
3.125000e-03 4.531250e-02 9.781732e-01 4.854420e-01 6.898409e-01
4.687500e-03 4.531250e-02 9.857627e-01 4.980341e-01 6.889594e-01
6.250000e-03 4.531250e-02 9.896573e-01 5.117679e-01 6.874585e-01
7.812500e-03 4.531250e-02 9.933491e-01 5.250482e-01 6.856169e-01
9.375000e-03 4.531250e-02 9.952142e-01 5.385351e-01 6.834152e-01
1.093750e-02 4.531250e-02 9.960796e-01 5.518458e-01 6.809031e-01
1.250000e-02 4.531250e-02 9.955957e-01 5.651079e-01 6.780732e-01
1.406250e-02 4.531250e-02 9.939808e-01 5.782170e-01 6.749307e-01
1.562500e-02 4.531250e-02 9.911748e-01 5.911888e-01 6.714729e-01
1.718750e-02 4.531250e-02 9.872519e-01 6.039862e-01 6.677004e-01
1.875000e-02 4.531250e-02 9.822208e-01 6.166013e-01 6.636141e-01
2.031250e-02 4.531250e-02 9.761230e-01 6.290139e-01 6.592164e-01
2.187500e-02 4.531250e-02 9.689857e-01 6.412111e-01 6.545109e-01
2.343750e-02 4.531250e-02 9.608450e-01 6.531775e-01 6.495023e-01
2.500000e-02 4.531250e-02 9.517353e-01 6.648987e-01 6.441958e-01
2.656250e-02 4.531250e-02 9.416955e-01 6.763600e-01 6.385977e-01
2.812500e-02 4.531250e-02 9.307640e-01 6.875480e-01 6.327149e-01
2.968750e-02 4.531250e-02 9.189818e-01 6.984492e-01 6.265549e-01
3.125000e-02 4.531250e-02 9.063921e-01 7.090506e-01 6.201259e-01
3.281250e-02 4.531250e-02 8.930384e-01 7.193387e-01 6.134363e-01
3.437500e-02 4.531250e-02 8.789688e-01 7.293017e-01 6.064950e-01
3.593750e-02 4.531250e-02 8.642280e-01 7.389256e-01 5.993113e-01
3.750000e-02 4.531250e-02 8.488704e-01 7.482007e-01 5.918946e-01
3.906250e-02 4.531250e-02 8.329390e-01 7.571108e-01 5.842547e-01
4.062500e-02 4.531250e-02 8.164994e-01 7.656510e-01 5.764009e-01
4.218750e-02 4.531250e-02 7.995832e-01 7.737978e-01 5.683435e-01
4.375000e-02 4.531250e-02 7.822828e-01 7.815596e-01 5.600907e-01
4.531250e-02 4.531250e-02 7.645931e-01 7.888919e-01 5.516510e-01
4.687500e-02 4.531250e-02 7.466747e-01 7.958386e-01 5.430477e-01
4.843750e-02 4.531250e-02 7.284175e-01 8.023028e-01 5.341236e-01
5.000000e-02 4.531250e-02 7.101602e-01 8.083814e-01 5.262373e-01
0.000000e+00 4.687500e-02 9.744382e-01 4.481902e-01 6.871470e-01
1.562500e-03 4.687500e-02 9.797147e-01 4.674309e-01 6.894263e-01
3.125000e-03 4.687500e-02 9.849913e-01 4.819514e-01 6.882110e-01
4.687500e-03 4.687500e-02 9.929857e-01 4.949711e-01 6.872268e-01
6.250000e-03 4.687500e-02 9.974626e-01 5.091128e-01 6.855309e-01
7.812500e-03 4.687500e-02 1.001481e+00 5.228681e-01 6.836101e-01
9.375000e-03 4.687500e-02 1.003687e+00 5.367763e-01 6.813474e-01
1.093750e-02 4.687500e-02 1.004833e+00 5.504858e-01 6.787934e-01
1.250000e-02 4.687500e-02 1.004623e+00 5.641077e-01 6.759248e-01
1.406250e-02 4.687500e-02 1.003267e+00 5.775476e-01 6.727429e-01
1.562500e-02 4.687500e-02 1.000714e+00 5.908223e-01 6.692418e-01
1.718750e-02 4.687500e-02 9.970380e-01 6.038988e-01 6.654206e-01
1.875000e-02 4.687500e-02 9.922487e-01 6.167709e-01 6.612797e-01
2.031250e-02 4.687500e-02 9.863871e-01 6.294200e-01 6.568213e-01
2.187500e-02 4.687500e-02 9.794801e-01 6.418340e-01 6.520489e-01
2.343750e-02 4.687500e-02 9.715629e-01 6.539975e-01 6.469677e-01
2.500000e-02 4.687500e-02 9.626697e-01 6.658962e-01 6.415830e-01
2.656250e-02 4.687500e-02 9.528383e-01 6.775150e-01 6.359014e-01
2.812500e-02 4.687500e-02 9.421067e-01 6.888405e-01 6.299302e-01
2.968750e-02 4.687500e-02 9.305152e-01 6.998582e-01 6.236773e-01
3.125000e-02 4.687500e-02 9.181063e-01 7.105549e-01 6.171512e-01
3.281250e-02 4.687500e-02 9.049231e-01 7.209162e-01 6.103606e-01
3.437500e-02 4.687500e-02 8.910129e-01 7.309299e-01 6.033148e-01
3.593750e-02 4.687500e-02 8.764204e-01 7.405811e-01 5.960236e-01
3.750000e-02 4.687500e-02 8.611993e-01 7.498596e-01 5.884968e-01
3.906250e-02 4.687500e-02 8.453920e-01 7.587482e-01 5.807447e-01
4.062500e-02 4.687500e-02 8.290645e-01 7.672417e-01 5.727773e-01
4.218750e-02 4.687500e-02 8.122475e-01 7.753152e-01 5.646052e-01
4.375000e-02 4.687500e-02 7.950348e-01 7.829768e-01 5.562378e-01
4.531250e-02 4.687500e-02 7.774198e-01 7.901792e-01 5.476843e-01
4.687500e-02 4.687500e-02 7.595679e-01 7.969653e-01 5.389658e-01
4.843750e-02 4.687500e-02 7.413669e-01 8.032356e-01 5.299616e-01
5.000000e-02 4.687500e-02 7.231660e-01 8.090639e-01 5.216478e-01
0.000000e+00 4.843750e-02 9.735048e-01 4.448494e-01 6.851893e-01
1.562500e-03 4.843750e-02 9.831661e-01 4.606582e-01 6.890352e-01
3.125000e-03 4.843750e-02 9.928275e-01 4.757872e-01 6.866530e-01
4.687500e-03 4.843750e-02 1.000410e+00 4.907758e-01 6.854033e-01
6.250000e-03 4.843750e-02 1.005549e+00 5.058081e-01 6.834371e-01
7.812500e-03 4.843750e-02 1.009739e+00 5.203800e-01 6.814034e-01
9.375000e-03 4.843750e-02 1.012202e+00 5.348676e-01 6.790820e-01
1.093750e-02 4.843750e-02 1.013562e+00 5.490591e-01 6.764983e-01
1.250000e-02 4.843750e-02 1.013581e+00 5.630787e-01 6.736071e-01
1.406250e-02 4.843750e-02 1.012454e+00 5.768634e-01 6.704000e-01
1.562500e-02 4.843750e-02 1.010133e+00 5.904409e-01 6.668666e-01
1.718750e-02 4.843750e-02 1.006689e+00 6.037877e-01 6.630048e-01
1.875000e-02 4.843750e-02 1.002129e+00 6.169024e-01 6.588144e-01
2.031250e-02 4.843750e-02 9.964943e-01 6.297697e-01 6.542982e-01
2.187500e-02 4.843750e-02 9.898086e-01 6.423793e-01 6.494603e-01
2.343750e-02 4.843750e-02 9.821062e-01 6.547167e-01 6.443063e-01
2.500000e-02 4.843750e-02 9.734204e-01 6.667679e-01 6.388423e-01
2.656250e-02 4.843750e-02 9.637878e-01 6.785184e-01 6.330753e-01
2.812500e-02 4.843750e-02 9.532455e-01 6.899544e-01 6.270133e-01
2.968750e-02 4.843750e-02 9.418330e-01 7.010614e-01 6.206645e-01
3.125000e-02 4.843750e-02 9.295922e-01 7.118256e-01 6.140377e-01
3.281250e-02 4.843750e-02 9.165654e-01 7.222327e-01 6.071424e-01
3.437500e-02 4.843750e-02 9.027995e-01 7.322699e-01 5.999883e-01
3.593750e-02 4.843750e-02 8.883382e-01 7.419221e-01 5.925854e-01
3.750000e-02 4.843750e-02 8.732350e-01 7.511787e-01 5.849442e-01
3.906250e-02 4.843750e-02 8.575317e-01 7.600223e-01 5.770755e-01
4.062500e-02 4.843750e-02 8.412936e-01 7.684474e-01 5.689902e-01
4.218750e-02 4.843750e-02 8.245508e-01 7.764287e-01 5.606994e-01
4.375000e-02 4.843750e-02 8.073971e-01 7.839742e-01 5.522138e-01
4.531250e-02 4.843750e-02 7.898242e-01 7.910354e-01 5.435443e-01
4.687500e-02 4.843750e-02 7.720015e-01 7.976558e-01 5.347091e-01
4.843750e-02 4.843750e-02 7.538064e-01 8.037345e-01 5.256317e-01
5.000000e-02 4.843750e-02 7.356113e-01 8.093011e-01 5.169399e-01
0.000000e+00 5.000000e-02 9.725714e-01 4.414214e-01 6.831730e-01
1.562500e-03 5.000000e-02 9.866175e-01 4.561442e-01 6.829833e-01
3.125000e-03 5.000000e-02 1.000664e+00 4.708466e-01 6.824145e-01
4.687500e-03 5.000000e-02 1.007834e+00 4.855083e-01 6.814674e-01
6.250000e-03 5.000000e-02 1.013636e+00 5.001089e-01 6.801433e-01
7.812500e-03 5.000000e-02 1.017997e+00 5.146283e-01 6.784444e-01
9.375000e-03 5.000000e-02 1.020717e+00 5.290462e-01 6.763730e-01
1.093750e-02 5.000000e-02 1.022291e+00 5.433429e-01 6.739323e-01
1.250000e-02 5.000000e-02 1.022540e+00 5.574985e-01 6.711257e-01
1.406250e-02 5.000000e-02 1.021640e+00 5.714933e-01 6.679575e-01
1.562500e-02 5.000000e-02 1.019552e+00 5.853081e-01 6.644324e-01
1.718750e-02 5.000000e-02 1.016339e+00 5.989238e-01 6.605554e-01
1.875000e-02 5.000000e-02 1.012010e+00 6.123215e-01 6.563324e-01
2.031250e-02 5.000000e-02 1.006601e+00 6.254827e-01 6.517696e-01
2.187500e-02 5.000000e-02 1.000137e+00 6.383893e-01 6.468737e-01
2.343750e-02 5.000000e-02 9.926496e-01 6.510234e-01 6.416518e-01
2.500000e-02 5.000000e-02 9.841711e-01 6.633677e-01 6.361118e-01
2.656250e-02 5.000000e-02 9.747372e-01 6.754050e-01 6.302616e-01
2.812500e-02 5.000000e-02 9.643842e-01 6.871189e-01 6.241101e-01
2.968750e-02 5.000000e-02 9.531508e-01 6.984932e-01 6.176661e-01
3.125000e-02 5.000000e-02 9.410781e-01 7.095123e-01 6.109393e-01
3.281250e-02 5.000000e-02 9.282078e-01 7.201610e-01 6.039394e-01
3.437500e-02 5.000000e-02 9.145860e-01 7.304247e-01 5.966768e-01
3.593750e-02 5.000000e-02 9.002561e-01 7.402894e-01 5.891621e-01
3.750000e-02 5.000000e-02 8.852708e-01 7.497416e-01 5.814064e-01
3.906250e-02 5.000000e-02 8.696713e-01 7.587684e-01 5.734211e-01
4.062500e-02 5.000000e-02 8.535227e-01 7.673574e-01 5.652180e-01
4.218750e-02 5.000000e-02 8.368541e-01 7.754969e-01 5.568089e-01
4.375000e-02 5.000000e-02 8.197595e-01 7.831760e-01 5.482063e-01
4.531250e-02 5.000000e-02 8.022287e-01 7.903842e-01 5.394229e-01
4.687500e-02 5.000000e-02 7.844352e-01 7.971117e-01 5.304713e-01
4.843750e-02 5.000000e-02 7.662459e-01 8.033495e-01 5.213649e-01
5.000000e-02 5.000000e-02 7.480566e-01 8.090893e-01 5.121168e-01
